# JRE version: OpenJDK Runtime Environment (21.0.9) (build 21.0.9+-14787801-b1163.94)
# Java VM: OpenJDK 64-Bit Server VM (21.0.9+-14787801-b1163.94, mixed mode, tiered, compressed oops, compressed class ptrs, g1 gc, windows-amd64)
GC Precious Log:
 CardTable entry size: 512
 Card Set container configuration: InlinePtr #cards 5 size 8 Array Of Cards #cards 12 size 40 Howl #buckets 4 coarsen threshold 1843 Howl Bitmap #cards 512 size 80 coarsen threshold 460 Card regions per heap region 1 cards per card region 2048
 CPUs: 4 total, 4 available
 Memory: 8060M
 Large Page Support: Disabled
 NUMA Support: Disabled
 Compressed Oops: Enabled (32-bit)
 Heap Region Size: 1M
 Heap Min Capacity: 8M
 Heap Initial Capacity: 126M
 Heap Max Capacity: 2G
 Pre-touch: Disabled
 Parallel Workers: 4
 Concurrent Workers: 1
 Concurrent Refinement Workers: 4
 Periodic GC: Disabled
Heap:
 garbage-first heap   total 463872K, used 430080K [0x0000000080000000, 0x0000000100000000)
  region size 1024K, 258 young (264192K), 20 survivors (20480K)
 Metaspace       used 148619K, committed 151168K, reserved 1179648K
  class space    used 20239K, committed 21504K, reserved 1048576K
GC Heap History (20 events):
Event: 78.644 GC heap after
{Heap after GC invocations=82 (full 0):
 garbage-first heap   total 420864K, used 153469K [0x0000000080000000, 0x0000000100000000)
  region size 1024K, 12 young (12288K), 12 survivors (12288K)
 Metaspace       used 126519K, committed 128896K, reserved 1179648K
  class space    used 17721K, committed 18880K, reserved 1048576K
}
Event: 79.825 GC heap before
{Heap before GC invocations=82 (full 0):
 garbage-first heap   total 420864K, used 392061K [0x0000000080000000, 0x0000000100000000)
  region size 1024K, 246 young (251904K), 12 survivors (12288K)
 Metaspace       used 126618K, committed 129024K, reserved 1179648K
  class space    used 17725K, committed 18880K, reserved 1048576K
}
Event: 79.845 GC heap after
{Heap after GC invocations=83 (full 0):
 garbage-first heap   total 420864K, used 154493K [0x0000000080000000, 0x0000000100000000)
  region size 1024K, 13 young (13312K), 13 survivors (13312K)
 Metaspace       used 126618K, committed 129024K, reserved 1179648K
  class space    used 17725K, committed 18880K, reserved 1048576K
}
Event: 80.702 GC heap before
{Heap before GC invocations=83 (full 0):
 garbage-first heap   total 420864K, used 393085K [0x0000000080000000, 0x0000000100000000)
  region size 1024K, 246 young (251904K), 13 survivors (13312K)
 Metaspace       used 126637K, committed 129024K, reserved 1179648K
  class space    used 17725K, committed 18880K, reserved 1048576K
}
Event: 80.722 GC heap after
{Heap after GC invocations=84 (full 0):
 garbage-first heap   total 420864K, used 155517K [0x0000000080000000, 0x0000000100000000)
  region size 1024K, 14 young (14336K), 14 survivors (14336K)
 Metaspace       used 126637K, committed 129024K, reserved 1179648K
  class space    used 17725K, committed 18880K, reserved 1048576K
}
Event: 82.361 GC heap before
{Heap before GC invocations=84 (full 0):
 garbage-first heap   total 420864K, used 278397K [0x0000000080000000, 0x0000000100000000)
  region size 1024K, 136 young (139264K), 14 survivors (14336K)
 Metaspace       used 128464K, committed 130880K, reserved 1179648K
  class space    used 17963K, committed 19136K, reserved 1048576K
}
Event: 82.383 GC heap after
{Heap after GC invocations=85 (full 0):
 garbage-first heap   total 420864K, used 156541K [0x0000000080000000, 0x0000000100000000)
  region size 1024K, 15 young (15360K), 15 survivors (15360K)
 Metaspace       used 128464K, committed 130880K, reserved 1179648K
  class space    used 17963K, committed 19136K, reserved 1048576K
}
Event: 255.283 GC heap before
{Heap before GC invocations=86 (full 0):
 garbage-first heap   total 420864K, used 417661K [0x0000000080000000, 0x0000000100000000)
  region size 1024K, 246 young (251904K), 15 survivors (15360K)
 Metaspace       used 129677K, committed 132160K, reserved 1179648K
  class space    used 18156K, committed 19392K, reserved 1048576K
}
Event: 255.306 GC heap after
{Heap after GC invocations=87 (full 0):
 garbage-first heap   total 432128K, used 153981K [0x0000000080000000, 0x0000000100000000)
  region size 1024K, 13 young (13312K), 13 survivors (13312K)
 Metaspace       used 129677K, committed 132160K, reserved 1179648K
  class space    used 18156K, committed 19392K, reserved 1048576K
}
Event: 505.262 GC heap before
{Heap before GC invocations=87 (full 0):
 garbage-first heap   total 432128K, used 399741K [0x0000000080000000, 0x0000000100000000)
  region size 1024K, 253 young (259072K), 13 survivors (13312K)
 Metaspace       used 129716K, committed 132224K, reserved 1179648K
  class space    used 18160K, committed 19392K, reserved 1048576K
}
Event: 505.287 GC heap after
{Heap after GC invocations=88 (full 0):
 garbage-first heap   total 432128K, used 153047K [0x0000000080000000, 0x0000000100000000)
  region size 1024K, 13 young (13312K), 13 survivors (13312K)
 Metaspace       used 129716K, committed 132224K, reserved 1179648K
  class space    used 18160K, committed 19392K, reserved 1048576K
}
Event: 537.328 GC heap before
{Heap before GC invocations=88 (full 0):
 garbage-first heap   total 432128K, used 278999K [0x0000000080000000, 0x0000000100000000)
  region size 1024K, 137 young (140288K), 13 survivors (13312K)
 Metaspace       used 129919K, committed 132416K, reserved 1179648K
  class space    used 18165K, committed 19392K, reserved 1048576K
}
Event: 537.348 GC heap after
{Heap after GC invocations=89 (full 0):
 garbage-first heap   total 432128K, used 158208K [0x0000000080000000, 0x0000000100000000)
  region size 1024K, 17 young (17408K), 17 survivors (17408K)
 Metaspace       used 129919K, committed 132416K, reserved 1179648K
  class space    used 18165K, committed 19392K, reserved 1048576K
}
Event: 543.625 GC heap before
{Heap before GC invocations=90 (full 0):
 garbage-first heap   total 432128K, used 430592K [0x0000000080000000, 0x0000000100000000)
  region size 1024K, 246 young (251904K), 17 survivors (17408K)
 Metaspace       used 133514K, committed 136000K, reserved 1179648K
  class space    used 18451K, committed 19648K, reserved 1048576K
}
Event: 543.667 GC heap after
{Heap after GC invocations=91 (full 0):
 garbage-first heap   total 463872K, used 173123K [0x0000000080000000, 0x0000000100000000)
  region size 1024K, 30 young (30720K), 30 survivors (30720K)
 Metaspace       used 133514K, committed 136000K, reserved 1179648K
  class space    used 18451K, committed 19648K, reserved 1048576K
}
Event: 558.232 GC heap before
{Heap before GC invocations=91 (full 0):
 garbage-first heap   total 463872K, used 420931K [0x0000000080000000, 0x0000000100000000)
  region size 1024K, 271 young (277504K), 30 survivors (30720K)
 Metaspace       used 138188K, committed 140672K, reserved 1179648K
  class space    used 18831K, committed 20032K, reserved 1048576K
}
Event: 558.279 GC heap after
{Heap after GC invocations=92 (full 0):
 garbage-first heap   total 463872K, used 170496K [0x0000000080000000, 0x0000000100000000)
  region size 1024K, 15 young (15360K), 15 survivors (15360K)
 Metaspace       used 138188K, committed 140672K, reserved 1179648K
  class space    used 18831K, committed 20032K, reserved 1048576K
}
Event: 561.686 GC heap before
{Heap before GC invocations=92 (full 0):
 garbage-first heap   total 463872K, used 431616K [0x0000000080000000, 0x0000000100000000)
  region size 1024K, 271 young (277504K), 15 survivors (15360K)
 Metaspace       used 138635K, committed 141120K, reserved 1179648K
  class space    used 18859K, committed 20032K, reserved 1048576K
}
Event: 561.722 GC heap after
{Heap after GC invocations=93 (full 0):
 garbage-first heap   total 463872K, used 184320K [0x0000000080000000, 0x0000000100000000)
  region size 1024K, 28 young (28672K), 28 survivors (28672K)
 Metaspace       used 138635K, committed 141120K, reserved 1179648K
  class space    used 18859K, committed 20032K, reserved 1048576K
}
Event: 695.744 GC heap before
{Heap before GC invocations=94 (full 0):
 garbage-first heap   total 463872K, used 429056K [0x0000000080000000, 0x0000000100000000)
  region size 1024K, 266 young (272384K), 28 survivors (28672K)
 Metaspace       used 148619K, committed 151168K, reserved 1179648K
  class space    used 20239K, committed 21504K, reserved 1048576K
}

