# JRE version: OpenJDK Runtime Environment (21.0.9) (build 21.0.9+-14787801-b1163.94)
# Java VM: OpenJDK 64-Bit Server VM (21.0.9+-14787801-b1163.94, mixed mode, tiered, compressed oops, compressed class ptrs, g1 gc, windows-amd64)
GC Precious Log:
 CardTable entry size: 512
 Card Set container configuration: InlinePtr #cards 4 size 8 Array Of Cards #cards 16 size 48 Howl #buckets 8 coarsen threshold 3686 Howl Bitmap #cards 512 size 80 coarsen threshold 460 Card regions per heap region 1 cards per card region 4096
 CPUs: 20 total, 20 available
 Memory: 16004M
 Large Page Support: Disabled
 NUMA Support: Disabled
 Compressed Oops: Enabled (Zero based)
 Heap Region Size: 2M
 Heap Min Capacity: 8M
 Heap Initial Capacity: 252M
 Heap Max Capacity: 4002M
 Pre-touch: Disabled
 Parallel Workers: 15
 Concurrent Workers: 4
 Concurrent Refinement Workers: 15
 Periodic GC: Disabled
Heap:
 garbage-first heap   total 337920K, used 287658K [0x0000000705e00000, 0x0000000800000000)
  region size 2048K, 48 young (98304K), 5 survivors (10240K)
 Metaspace       used 101012K, committed 101376K, reserved 1179648K
  class space    used 10227K, committed 10368K, reserved 1048576K
GC Heap History (20 events):
Event: 4.194 GC heap before
{Heap before GC invocations=19 (full 0):
 garbage-first heap   total 305152K, used 234363K [0x0000000705e00000, 0x0000000800000000)
  region size 2048K, 60 young (122880K), 4 survivors (8192K)
 Metaspace       used 64426K, committed 64704K, reserved 1114112K
  class space    used 7269K, committed 7424K, reserved 1048576K
}
Event: 4.201 GC heap after
{Heap after GC invocations=20 (full 0):
 garbage-first heap   total 305152K, used 132834K [0x0000000705e00000, 0x0000000800000000)
  region size 2048K, 8 young (16384K), 8 survivors (16384K)
 Metaspace       used 64426K, committed 64704K, reserved 1114112K
  class space    used 7269K, committed 7424K, reserved 1048576K
}
Event: 5.279 GC heap before
{Heap before GC invocations=20 (full 0):
 garbage-first heap   total 305152K, used 241378K [0x0000000705e00000, 0x0000000800000000)
  region size 2048K, 62 young (126976K), 8 survivors (16384K)
 Metaspace       used 69080K, committed 69312K, reserved 1114112K
  class space    used 7620K, committed 7744K, reserved 1048576K
}
Event: 5.288 GC heap after
{Heap after GC invocations=21 (full 0):
 garbage-first heap   total 305152K, used 146416K [0x0000000705e00000, 0x0000000800000000)
  region size 2048K, 6 young (12288K), 6 survivors (12288K)
 Metaspace       used 69080K, committed 69312K, reserved 1114112K
  class space    used 7620K, committed 7744K, reserved 1048576K
}
Event: 6.164 GC heap before
{Heap before GC invocations=22 (full 0):
 garbage-first heap   total 305152K, used 252912K [0x0000000705e00000, 0x0000000800000000)
  region size 2048K, 58 young (118784K), 6 survivors (12288K)
 Metaspace       used 78333K, committed 78656K, reserved 1179648K
  class space    used 8395K, committed 8512K, reserved 1048576K
}
Event: 6.173 GC heap after
{Heap after GC invocations=23 (full 0):
 garbage-first heap   total 305152K, used 163628K [0x0000000705e00000, 0x0000000800000000)
  region size 2048K, 8 young (16384K), 8 survivors (16384K)
 Metaspace       used 78333K, committed 78656K, reserved 1179648K
  class space    used 8395K, committed 8512K, reserved 1048576K
}
Event: 6.955 GC heap before
{Heap before GC invocations=23 (full 0):
 garbage-first heap   total 305152K, used 259884K [0x0000000705e00000, 0x0000000800000000)
  region size 2048K, 55 young (112640K), 8 survivors (16384K)
 Metaspace       used 82880K, committed 83200K, reserved 1179648K
  class space    used 8815K, committed 8960K, reserved 1048576K
}
Event: 6.966 GC heap after
{Heap after GC invocations=24 (full 0):
 garbage-first heap   total 305152K, used 180420K [0x0000000705e00000, 0x0000000800000000)
  region size 2048K, 7 young (14336K), 7 survivors (14336K)
 Metaspace       used 82880K, committed 83200K, reserved 1179648K
  class space    used 8815K, committed 8960K, reserved 1048576K
}
Event: 7.094 GC heap before
{Heap before GC invocations=24 (full 0):
 garbage-first heap   total 305152K, used 196804K [0x0000000705e00000, 0x0000000800000000)
  region size 2048K, 16 young (32768K), 7 survivors (14336K)
 Metaspace       used 85324K, committed 85696K, reserved 1179648K
  class space    used 9104K, committed 9216K, reserved 1048576K
}
Event: 7.099 GC heap after
{Heap after GC invocations=25 (full 0):
 garbage-first heap   total 305152K, used 184570K [0x0000000705e00000, 0x0000000800000000)
  region size 2048K, 2 young (4096K), 2 survivors (4096K)
 Metaspace       used 85324K, committed 85696K, reserved 1179648K
  class space    used 9104K, committed 9216K, reserved 1048576K
}
Event: 8.198 GC heap before
{Heap before GC invocations=26 (full 0):
 garbage-first heap   total 311296K, used 266490K [0x0000000705e00000, 0x0000000800000000)
  region size 2048K, 42 young (86016K), 2 survivors (4096K)
 Metaspace       used 93886K, committed 94208K, reserved 1179648K
  class space    used 9710K, committed 9856K, reserved 1048576K
}
Event: 8.202 GC heap after
{Heap after GC invocations=27 (full 0):
 garbage-first heap   total 311296K, used 189680K [0x0000000705e00000, 0x0000000800000000)
  region size 2048K, 4 young (8192K), 4 survivors (8192K)
 Metaspace       used 93886K, committed 94208K, reserved 1179648K
  class space    used 9710K, committed 9856K, reserved 1048576K
}
Event: 8.410 GC heap before
{Heap before GC invocations=27 (full 0):
 garbage-first heap   total 311296K, used 204016K [0x0000000705e00000, 0x0000000800000000)
  region size 2048K, 12 young (24576K), 4 survivors (8192K)
 Metaspace       used 97701K, committed 98112K, reserved 1179648K
  class space    used 10075K, committed 10240K, reserved 1048576K
}
Event: 8.413 GC heap after
{Heap after GC invocations=28 (full 0):
 garbage-first heap   total 311296K, used 190779K [0x0000000705e00000, 0x0000000800000000)
  region size 2048K, 4 young (8192K), 4 survivors (8192K)
 Metaspace       used 97701K, committed 98112K, reserved 1179648K
  class space    used 10075K, committed 10240K, reserved 1048576K
}
Event: 9.001 GC heap before
{Heap before GC invocations=29 (full 0):
 garbage-first heap   total 321536K, used 280891K [0x0000000705e00000, 0x0000000800000000)
  region size 2048K, 48 young (98304K), 4 survivors (8192K)
 Metaspace       used 100121K, committed 100480K, reserved 1179648K
  class space    used 10203K, committed 10368K, reserved 1048576K
}
Event: 9.005 GC heap after
{Heap after GC invocations=30 (full 0):
 garbage-first heap   total 321536K, used 196673K [0x0000000705e00000, 0x0000000800000000)
  region size 2048K, 4 young (8192K), 4 survivors (8192K)
 Metaspace       used 100121K, committed 100480K, reserved 1179648K
  class space    used 10203K, committed 10368K, reserved 1048576K
}
Event: 9.327 GC heap before
{Heap before GC invocations=30 (full 0):
 garbage-first heap   total 321536K, used 292929K [0x0000000705e00000, 0x0000000800000000)
  region size 2048K, 51 young (104448K), 4 survivors (8192K)
 Metaspace       used 100512K, committed 100864K, reserved 1179648K
  class space    used 10215K, committed 10368K, reserved 1048576K
}
Event: 9.332 GC heap after
{Heap after GC invocations=31 (full 0):
 garbage-first heap   total 321536K, used 198712K [0x0000000705e00000, 0x0000000800000000)
  region size 2048K, 6 young (12288K), 6 survivors (12288K)
 Metaspace       used 100512K, committed 100864K, reserved 1179648K
  class space    used 10215K, committed 10368K, reserved 1048576K
}
Event: 9.660 GC heap before
{Heap before GC invocations=31 (full 0):
 garbage-first heap   total 321536K, used 292920K [0x0000000705e00000, 0x0000000800000000)
  region size 2048K, 52 young (106496K), 6 survivors (12288K)
 Metaspace       used 100846K, committed 101184K, reserved 1179648K
  class space    used 10221K, committed 10368K, reserved 1048576K
}
Event: 9.664 GC heap after
{Heap after GC invocations=32 (full 0):
 garbage-first heap   total 321536K, used 201642K [0x0000000705e00000, 0x0000000800000000)
  region size 2048K, 5 young (10240K), 5 survivors (10240K)
 Metaspace       used 100846K, committed 101184K, reserved 1179648K
  class space    used 10221K, committed 10368K, reserved 1048576K
}

