# JRE version: OpenJDK Runtime Environment (21.0.9) (build 21.0.9+-14787801-b1163.94)
# Java VM: OpenJDK 64-Bit Server VM (21.0.9+-14787801-b1163.94, mixed mode, tiered, compressed oops, compressed class ptrs, g1 gc, windows-amd64)
GC Precious Log:
 CardTable entry size: 512
 Card Set container configuration: InlinePtr #cards 4 size 8 Array Of Cards #cards 32 size 80 Howl #buckets 8 coarsen threshold 7372 Howl Bitmap #cards 1024 size 144 coarsen threshold 921 Card regions per heap region 1 cards per card region 8192
 CPUs: 4 total, 4 available
 Memory: 8060M
 Large Page Support: Disabled
 NUMA Support: Disabled
 Compressed Oops: Enabled (Zero based)
 Heap Region Size: 4M
 Heap Min Capacity: 8M
 Heap Initial Capacity: 128M
 Heap Max Capacity: 4100M
 Pre-touch: Disabled
 Parallel Workers: 4
 Concurrent Workers: 1
 Concurrent Refinement Workers: 4
 Periodic GC: Disabled
Heap:
 garbage-first heap   total 110592K, used 57406K [0x00000006ffc00000, 0x0000000800000000)
  region size 4096K, 1 young (4096K), 1 survivors (4096K)
 Metaspace       used 44976K, committed 46208K, reserved 1114112K
  class space    used 6513K, committed 7104K, reserved 1048576K
GC Heap History (20 events):
Event: 7.078 GC heap after
{Heap after GC invocations=3 (full 0):
 garbage-first heap   total 131072K, used 11294K [0x00000006ffc00000, 0x0000000800000000)
  region size 4096K, 2 young (8192K), 2 survivors (8192K)
 Metaspace       used 12496K, committed 12672K, reserved 1114112K
  class space    used 1348K, committed 1408K, reserved 1048576K
}
Event: 10.060 GC heap before
{Heap before GC invocations=3 (full 0):
 garbage-first heap   total 131072K, used 80926K [0x00000006ffc00000, 0x0000000800000000)
  region size 4096K, 19 young (77824K), 2 survivors (8192K)
 Metaspace       used 13042K, committed 13248K, reserved 1114112K
  class space    used 1441K, committed 1536K, reserved 1048576K
}
Event: 10.074 GC heap after
{Heap after GC invocations=4 (full 0):
 garbage-first heap   total 131072K, used 17083K [0x00000006ffc00000, 0x0000000800000000)
  region size 4096K, 2 young (8192K), 2 survivors (8192K)
 Metaspace       used 13042K, committed 13248K, reserved 1114112K
  class space    used 1441K, committed 1536K, reserved 1048576K
}
Event: 12.229 GC heap before
{Heap before GC invocations=4 (full 0):
 garbage-first heap   total 131072K, used 41659K [0x00000006ffc00000, 0x0000000800000000)
  region size 4096K, 9 young (36864K), 2 survivors (8192K)
 Metaspace       used 21216K, committed 21504K, reserved 1114112K
  class space    used 2508K, committed 2624K, reserved 1048576K
}
Event: 12.259 GC heap after
{Heap after GC invocations=5 (full 0):
 garbage-first heap   total 131072K, used 20196K [0x00000006ffc00000, 0x0000000800000000)
  region size 4096K, 3 young (12288K), 3 survivors (12288K)
 Metaspace       used 21216K, committed 21504K, reserved 1114112K
  class space    used 2508K, committed 2624K, reserved 1048576K
}
Event: 13.961 GC heap before
{Heap before GC invocations=6 (full 0):
 garbage-first heap   total 81920K, used 57060K [0x00000006ffc00000, 0x0000000800000000)
  region size 4096K, 12 young (49152K), 3 survivors (12288K)
 Metaspace       used 27757K, committed 28224K, reserved 1114112K
  class space    used 3557K, committed 3776K, reserved 1048576K
}
Event: 13.990 GC heap after
{Heap after GC invocations=7 (full 0):
 garbage-first heap   total 81920K, used 22151K [0x00000006ffc00000, 0x0000000800000000)
  region size 4096K, 2 young (8192K), 2 survivors (8192K)
 Metaspace       used 27757K, committed 28224K, reserved 1114112K
  class space    used 3557K, committed 3776K, reserved 1048576K
}
Event: 16.468 GC heap before
{Heap before GC invocations=7 (full 0):
 garbage-first heap   total 81920K, used 63111K [0x00000006ffc00000, 0x0000000800000000)
  region size 4096K, 12 young (49152K), 2 survivors (8192K)
 Metaspace       used 33183K, committed 33920K, reserved 1114112K
  class space    used 4533K, committed 4864K, reserved 1048576K
}
Event: 16.485 GC heap after
{Heap after GC invocations=8 (full 0):
 garbage-first heap   total 81920K, used 24582K [0x00000006ffc00000, 0x0000000800000000)
  region size 4096K, 2 young (8192K), 2 survivors (8192K)
 Metaspace       used 33183K, committed 33920K, reserved 1114112K
  class space    used 4533K, committed 4864K, reserved 1048576K
}
Event: 17.028 GC heap before
{Heap before GC invocations=8 (full 0):
 garbage-first heap   total 81920K, used 45062K [0x00000006ffc00000, 0x0000000800000000)
  region size 4096K, 7 young (28672K), 2 survivors (8192K)
 Metaspace       used 35332K, committed 36096K, reserved 1114112K
  class space    used 4927K, committed 5312K, reserved 1048576K
}
Event: 17.036 GC heap after
{Heap after GC invocations=9 (full 0):
 garbage-first heap   total 81920K, used 37657K [0x00000006ffc00000, 0x0000000800000000)
  region size 4096K, 2 young (8192K), 2 survivors (8192K)
 Metaspace       used 35332K, committed 36096K, reserved 1114112K
  class space    used 4927K, committed 5312K, reserved 1048576K
}
Event: 17.331 GC heap before
{Heap before GC invocations=10 (full 0):
 garbage-first heap   total 81920K, used 45849K [0x00000006ffc00000, 0x0000000800000000)
  region size 4096K, 5 young (20480K), 2 survivors (8192K)
 Metaspace       used 36138K, committed 37056K, reserved 1114112K
  class space    used 5069K, committed 5504K, reserved 1048576K
}
Event: 17.339 GC heap after
{Heap after GC invocations=11 (full 0):
 garbage-first heap   total 81920K, used 41260K [0x00000006ffc00000, 0x0000000800000000)
  region size 4096K, 2 young (8192K), 2 survivors (8192K)
 Metaspace       used 36138K, committed 37056K, reserved 1114112K
  class space    used 5069K, committed 5504K, reserved 1048576K
}
Event: 17.894 GC heap before
{Heap before GC invocations=11 (full 0):
 garbage-first heap   total 81920K, used 65836K [0x00000006ffc00000, 0x0000000800000000)
  region size 4096K, 7 young (28672K), 2 survivors (8192K)
 Metaspace       used 38338K, committed 39232K, reserved 1114112K
  class space    used 5391K, committed 5824K, reserved 1048576K
}
Event: 17.899 GC heap after
{Heap after GC invocations=12 (full 0):
 garbage-first heap   total 86016K, used 54351K [0x00000006ffc00000, 0x0000000800000000)
  region size 4096K, 1 young (4096K), 1 survivors (4096K)
 Metaspace       used 38338K, committed 39232K, reserved 1114112K
  class space    used 5391K, committed 5824K, reserved 1048576K
}
Event: 18.130 GC heap before
{Heap before GC invocations=12 (full 0):
 garbage-first heap   total 86016K, used 66639K [0x00000006ffc00000, 0x0000000800000000)
  region size 4096K, 4 young (16384K), 1 survivors (4096K)
 Metaspace       used 39655K, committed 40640K, reserved 1114112K
  class space    used 5637K, committed 6080K, reserved 1048576K
}
Event: 18.133 GC heap after
{Heap after GC invocations=13 (full 0):
 garbage-first heap   total 86016K, used 54878K [0x00000006ffc00000, 0x0000000800000000)
  region size 4096K, 1 young (4096K), 1 survivors (4096K)
 Metaspace       used 39655K, committed 40640K, reserved 1114112K
  class space    used 5637K, committed 6080K, reserved 1048576K
}
Event: 18.388 GC heap before
{Heap before GC invocations=14 (full 0):
 garbage-first heap   total 102400K, used 67166K [0x00000006ffc00000, 0x0000000800000000)
  region size 4096K, 4 young (16384K), 1 survivors (4096K)
 Metaspace       used 41242K, committed 42304K, reserved 1114112K
  class space    used 5908K, committed 6400K, reserved 1048576K
}
Event: 18.392 GC heap after
{Heap after GC invocations=15 (full 0):
 garbage-first heap   total 102400K, used 55401K [0x00000006ffc00000, 0x0000000800000000)
  region size 4096K, 1 young (4096K), 1 survivors (4096K)
 Metaspace       used 41242K, committed 42304K, reserved 1114112K
  class space    used 5908K, committed 6400K, reserved 1048576K
}
Event: 19.009 GC heap before
{Heap before GC invocations=15 (full 0):
 garbage-first heap   total 102400K, used 79977K [0x00000006ffc00000, 0x0000000800000000)
  region size 4096K, 7 young (28672K), 1 survivors (4096K)
 Metaspace       used 44976K, committed 46208K, reserved 1114112K
  class space    used 6513K, committed 7104K, reserved 1048576K
}

