# JRE version: OpenJDK Runtime Environment (21.0.9) (build 21.0.9+-14787801-b1163.94)
# Java VM: OpenJDK 64-Bit Server VM (21.0.9+-14787801-b1163.94, mixed mode, tiered, compressed oops, compressed class ptrs, g1 gc, windows-amd64)
GC Precious Log:
 CardTable entry size: 512
 Card Set container configuration: InlinePtr #cards 5 size 8 Array Of Cards #cards 12 size 40 Howl #buckets 4 coarsen threshold 1843 Howl Bitmap #cards 512 size 80 coarsen threshold 460 Card regions per heap region 1 cards per card region 2048
 CPUs: 4 total, 4 available
 Memory: 8060M
 Large Page Support: Disabled
 NUMA Support: Disabled
 Compressed Oops: Enabled (32-bit)
 Heap Region Size: 1M
 Heap Min Capacity: 8M
 Heap Initial Capacity: 126M
 Heap Max Capacity: 2G
 Pre-touch: Disabled
 Parallel Workers: 4
 Concurrent Workers: 1
 Concurrent Refinement Workers: 4
 Periodic GC: Disabled
Heap:
 garbage-first heap   total 205824K, used 191278K [0x0000000080000000, 0x0000000100000000)
  region size 1024K, 85 young (87040K), 11 survivors (11264K)
 Metaspace       used 115356K, committed 117632K, reserved 1179648K
  class space    used 16357K, committed 17472K, reserved 1048576K
GC Heap History (20 events):
Event: 22.558 GC heap before
{Heap before GC invocations=36 (full 0):
 garbage-first heap   total 148480K, used 138453K [0x0000000080000000, 0x0000000100000000)
  region size 1024K, 83 young (84992K), 6 survivors (6144K)
 Metaspace       used 71771K, committed 73664K, reserved 1114112K
  class space    used 10180K, committed 11072K, reserved 1048576K
}
Event: 22.570 GC heap after
{Heap after GC invocations=37 (full 0):
 garbage-first heap   total 148480K, used 61186K [0x0000000080000000, 0x0000000100000000)
  region size 1024K, 6 young (6144K), 6 survivors (6144K)
 Metaspace       used 71771K, committed 73664K, reserved 1114112K
  class space    used 10180K, committed 11072K, reserved 1048576K
}
Event: 22.933 GC heap before
{Heap before GC invocations=37 (full 0):
 garbage-first heap   total 148480K, used 140034K [0x0000000080000000, 0x0000000100000000)
  region size 1024K, 83 young (84992K), 6 survivors (6144K)
 Metaspace       used 71771K, committed 73664K, reserved 1114112K
  class space    used 10180K, committed 11072K, reserved 1048576K
}
Event: 22.945 GC heap after
{Heap after GC invocations=38 (full 0):
 garbage-first heap   total 195584K, used 60523K [0x0000000080000000, 0x0000000100000000)
  region size 1024K, 6 young (6144K), 6 survivors (6144K)
 Metaspace       used 71771K, committed 73664K, reserved 1114112K
  class space    used 10180K, committed 11072K, reserved 1048576K
}
Event: 25.217 GC heap before
{Heap before GC invocations=38 (full 0):
 garbage-first heap   total 195584K, used 185451K [0x0000000080000000, 0x0000000100000000)
  region size 1024K, 114 young (116736K), 6 survivors (6144K)
 Metaspace       used 76723K, committed 78592K, reserved 1179648K
  class space    used 10800K, committed 11712K, reserved 1048576K
}
Event: 25.235 GC heap after
{Heap after GC invocations=39 (full 0):
 garbage-first heap   total 202752K, used 83968K [0x0000000080000000, 0x0000000100000000)
  region size 1024K, 15 young (15360K), 15 survivors (15360K)
 Metaspace       used 76723K, committed 78592K, reserved 1179648K
  class space    used 10800K, committed 11712K, reserved 1048576K
}
Event: 26.279 GC heap before
{Heap before GC invocations=39 (full 0):
 garbage-first heap   total 202752K, used 143360K [0x0000000080000000, 0x0000000100000000)
  region size 1024K, 72 young (73728K), 15 survivors (15360K)
 Metaspace       used 82793K, committed 84736K, reserved 1179648K
  class space    used 11601K, committed 12544K, reserved 1048576K
}
Event: 26.293 GC heap after
{Heap after GC invocations=40 (full 0):
 garbage-first heap   total 202752K, used 91889K [0x0000000080000000, 0x0000000100000000)
  region size 1024K, 5 young (5120K), 5 survivors (5120K)
 Metaspace       used 82793K, committed 84736K, reserved 1179648K
  class space    used 11601K, committed 12544K, reserved 1048576K
}
Event: 29.401 GC heap before
{Heap before GC invocations=41 (full 0):
 garbage-first heap   total 202752K, used 185073K [0x0000000080000000, 0x0000000100000000)
  region size 1024K, 93 young (95232K), 5 survivors (5120K)
 Metaspace       used 89349K, committed 91392K, reserved 1179648K
  class space    used 12491K, committed 13504K, reserved 1048576K
}
Event: 29.417 GC heap after
{Heap after GC invocations=42 (full 0):
 garbage-first heap   total 202752K, used 95473K [0x0000000080000000, 0x0000000100000000)
  region size 1024K, 10 young (10240K), 10 survivors (10240K)
 Metaspace       used 89349K, committed 91392K, reserved 1179648K
  class space    used 12491K, committed 13504K, reserved 1048576K
}
Event: 31.415 GC heap before
{Heap before GC invocations=42 (full 0):
 garbage-first heap   total 202752K, used 186609K [0x0000000080000000, 0x0000000100000000)
  region size 1024K, 96 young (98304K), 10 survivors (10240K)
 Metaspace       used 94666K, committed 96768K, reserved 1179648K
  class space    used 13243K, committed 14272K, reserved 1048576K
}
Event: 31.438 GC heap after
{Heap after GC invocations=43 (full 0):
 garbage-first heap   total 205824K, used 103323K [0x0000000080000000, 0x0000000100000000)
  region size 1024K, 11 young (11264K), 11 survivors (11264K)
 Metaspace       used 94666K, committed 96768K, reserved 1179648K
  class space    used 13243K, committed 14272K, reserved 1048576K
}
Event: 32.604 GC heap before
{Heap before GC invocations=43 (full 0):
 garbage-first heap   total 205824K, used 157595K [0x0000000080000000, 0x0000000100000000)
  region size 1024K, 65 young (66560K), 11 survivors (11264K)
 Metaspace       used 97478K, committed 99648K, reserved 1179648K
  class space    used 13638K, committed 14720K, reserved 1048576K
}
Event: 32.621 GC heap after
{Heap after GC invocations=44 (full 0):
 garbage-first heap   total 205824K, used 106404K [0x0000000080000000, 0x0000000100000000)
  region size 1024K, 9 young (9216K), 9 survivors (9216K)
 Metaspace       used 97478K, committed 99648K, reserved 1179648K
  class space    used 13638K, committed 14720K, reserved 1048576K
}
Event: 34.626 GC heap before
{Heap before GC invocations=45 (full 0):
 garbage-first heap   total 205824K, used 185252K [0x0000000080000000, 0x0000000100000000)
  region size 1024K, 85 young (87040K), 9 survivors (9216K)
 Metaspace       used 102698K, committed 104832K, reserved 1179648K
  class space    used 14522K, committed 15552K, reserved 1048576K
}
Event: 34.642 GC heap after
{Heap after GC invocations=46 (full 0):
 garbage-first heap   total 205824K, used 108885K [0x0000000080000000, 0x0000000100000000)
  region size 1024K, 6 young (6144K), 6 survivors (6144K)
 Metaspace       used 102698K, committed 104832K, reserved 1179648K
  class space    used 14522K, committed 15552K, reserved 1048576K
}
Event: 36.351 GC heap before
{Heap before GC invocations=46 (full 0):
 garbage-first heap   total 205824K, used 186709K [0x0000000080000000, 0x0000000100000000)
  region size 1024K, 82 young (83968K), 6 survivors (6144K)
 Metaspace       used 107793K, committed 110080K, reserved 1179648K
  class space    used 15293K, committed 16384K, reserved 1048576K
}
Event: 36.369 GC heap after
{Heap after GC invocations=47 (full 0):
 garbage-first heap   total 205824K, used 111514K [0x0000000080000000, 0x0000000100000000)
  region size 1024K, 7 young (7168K), 7 survivors (7168K)
 Metaspace       used 107793K, committed 110080K, reserved 1179648K
  class space    used 15293K, committed 16384K, reserved 1048576K
}
Event: 38.313 GC heap before
{Heap before GC invocations=47 (full 0):
 garbage-first heap   total 205824K, used 188314K [0x0000000080000000, 0x0000000100000000)
  region size 1024K, 82 young (83968K), 7 survivors (7168K)
 Metaspace       used 113702K, committed 115968K, reserved 1179648K
  class space    used 16133K, committed 17216K, reserved 1048576K
}
Event: 38.330 GC heap after
{Heap after GC invocations=48 (full 0):
 garbage-first heap   total 205824K, used 115502K [0x0000000080000000, 0x0000000100000000)
  region size 1024K, 8 young (8192K), 8 survivors (8192K)
 Metaspace       used 113702K, committed 115968K, reserved 1179648K
  class space    used 16133K, committed 17216K, reserved 1048576K
}

