# JRE version: OpenJDK Runtime Environment (21.0.9) (build 21.0.9+-14787801-b1163.94)
# Java VM: OpenJDK 64-Bit Server VM (21.0.9+-14787801-b1163.94, mixed mode, tiered, compressed oops, compressed class ptrs, g1 gc, windows-amd64)
GC Precious Log:
 CardTable entry size: 512
 Card Set container configuration: InlinePtr #cards 5 size 8 Array Of Cards #cards 12 size 40 Howl #buckets 4 coarsen threshold 1843 Howl Bitmap #cards 512 size 80 coarsen threshold 460 Card regions per heap region 1 cards per card region 2048
 CPUs: 4 total, 4 available
 Memory: 8060M
 Large Page Support: Disabled
 NUMA Support: Disabled
 Compressed Oops: Enabled (32-bit)
 Heap Region Size: 1M
 Heap Min Capacity: 8M
 Heap Initial Capacity: 126M
 Heap Max Capacity: 2G
 Pre-touch: Disabled
 Parallel Workers: 4
 Concurrent Workers: 1
 Concurrent Refinement Workers: 4
 Periodic GC: Disabled
Heap:
 garbage-first heap   total 172032K, used 110832K [0x0000000080000000, 0x0000000100000000)
  region size 1024K, 22 young (22528K), 3 survivors (3072K)
 Metaspace       used 88171K, committed 90048K, reserved 1179648K
  class space    used 12249K, committed 13184K, reserved 1048576K
GC Heap History (20 events):
Event: 26.711 GC heap before
{Heap before GC invocations=24 (full 0):
 garbage-first heap   total 96256K, used 85087K [0x0000000080000000, 0x0000000100000000)
  region size 1024K, 34 young (34816K), 4 survivors (4096K)
 Metaspace       used 72365K, committed 74048K, reserved 1114112K
  class space    used 10129K, committed 10944K, reserved 1048576K
}
Event: 26.718 GC heap after
{Heap after GC invocations=25 (full 0):
 garbage-first heap   total 96256K, used 57098K [0x0000000080000000, 0x0000000100000000)
  region size 1024K, 4 young (4096K), 4 survivors (4096K)
 Metaspace       used 72365K, committed 74048K, reserved 1114112K
  class space    used 10129K, committed 10944K, reserved 1048576K
}
Event: 27.204 GC heap before
{Heap before GC invocations=26 (full 0):
 garbage-first heap   total 97280K, used 85770K [0x0000000080000000, 0x0000000100000000)
  region size 1024K, 33 young (33792K), 4 survivors (4096K)
 Metaspace       used 72368K, committed 74048K, reserved 1114112K
  class space    used 10129K, committed 10944K, reserved 1048576K
}
Event: 27.210 GC heap after
{Heap after GC invocations=27 (full 0):
 garbage-first heap   total 97280K, used 58236K [0x0000000080000000, 0x0000000100000000)
  region size 1024K, 3 young (3072K), 3 survivors (3072K)
 Metaspace       used 72368K, committed 74048K, reserved 1114112K
  class space    used 10129K, committed 10944K, reserved 1048576K
}
Event: 27.571 GC heap before
{Heap before GC invocations=27 (full 0):
 garbage-first heap   total 97280K, used 87932K [0x0000000080000000, 0x0000000100000000)
  region size 1024K, 33 young (33792K), 3 survivors (3072K)
 Metaspace       used 72370K, committed 74112K, reserved 1114112K
  class space    used 10130K, committed 10944K, reserved 1048576K
}
Event: 27.579 GC heap after
{Heap after GC invocations=28 (full 0):
 garbage-first heap   total 97280K, used 58262K [0x0000000080000000, 0x0000000100000000)
  region size 1024K, 3 young (3072K), 3 survivors (3072K)
 Metaspace       used 72370K, committed 74112K, reserved 1114112K
  class space    used 10130K, committed 10944K, reserved 1048576K
}
Event: 28.148 GC heap before
{Heap before GC invocations=28 (full 0):
 garbage-first heap   total 97280K, used 83862K [0x0000000080000000, 0x0000000100000000)
  region size 1024K, 29 young (29696K), 3 survivors (3072K)
 Metaspace       used 72759K, committed 74432K, reserved 1114112K
  class space    used 10186K, committed 11008K, reserved 1048576K
}
Event: 28.157 GC heap after
{Heap after GC invocations=29 (full 0):
 garbage-first heap   total 116736K, used 60966K [0x0000000080000000, 0x0000000100000000)
  region size 1024K, 4 young (4096K), 4 survivors (4096K)
 Metaspace       used 72759K, committed 74432K, reserved 1114112K
  class space    used 10186K, committed 11008K, reserved 1048576K
}
Event: 28.166 GC heap before
{Heap before GC invocations=29 (full 0):
 garbage-first heap   total 116736K, used 61990K [0x0000000080000000, 0x0000000100000000)
  region size 1024K, 5 young (5120K), 4 survivors (4096K)
 Metaspace       used 72761K, committed 74432K, reserved 1114112K
  class space    used 10187K, committed 11008K, reserved 1048576K
}
Event: 28.173 GC heap after
{Heap after GC invocations=30 (full 0):
 garbage-first heap   total 116736K, used 61879K [0x0000000080000000, 0x0000000100000000)
  region size 1024K, 4 young (4096K), 4 survivors (4096K)
 Metaspace       used 72761K, committed 74432K, reserved 1114112K
  class space    used 10187K, committed 11008K, reserved 1048576K
}
Event: 28.930 GC heap before
{Heap before GC invocations=31 (full 0):
 garbage-first heap   total 116736K, used 115127K [0x0000000080000000, 0x0000000100000000)
  region size 1024K, 44 young (45056K), 4 survivors (4096K)
 Metaspace       used 75071K, committed 76864K, reserved 1179648K
  class space    used 10479K, committed 11328K, reserved 1048576K
}
Event: 28.944 GC heap after
{Heap after GC invocations=32 (full 0):
 garbage-first heap   total 130048K, used 83516K [0x0000000080000000, 0x0000000100000000)
  region size 1024K, 6 young (6144K), 6 survivors (6144K)
 Metaspace       used 75071K, committed 76864K, reserved 1179648K
  class space    used 10479K, committed 11328K, reserved 1048576K
}
Event: 29.515 GC heap before
{Heap before GC invocations=32 (full 0):
 garbage-first heap   total 130048K, used 115260K [0x0000000080000000, 0x0000000100000000)
  region size 1024K, 38 young (38912K), 6 survivors (6144K)
 Metaspace       used 77959K, committed 79680K, reserved 1179648K
  class space    used 10808K, committed 11648K, reserved 1048576K
}
Event: 29.523 GC heap after
{Heap after GC invocations=33 (full 0):
 garbage-first heap   total 130048K, used 83285K [0x0000000080000000, 0x0000000100000000)
  region size 1024K, 2 young (2048K), 2 survivors (2048K)
 Metaspace       used 77959K, committed 79680K, reserved 1179648K
  class space    used 10808K, committed 11648K, reserved 1048576K
}
Event: 30.413 GC heap before
{Heap before GC invocations=33 (full 0):
 garbage-first heap   total 130048K, used 117077K [0x0000000080000000, 0x0000000100000000)
  region size 1024K, 35 young (35840K), 2 survivors (2048K)
 Metaspace       used 81469K, committed 83328K, reserved 1179648K
  class space    used 11354K, committed 12288K, reserved 1048576K
}
Event: 30.419 GC heap after
{Heap after GC invocations=34 (full 0):
 garbage-first heap   total 130048K, used 84305K [0x0000000080000000, 0x0000000100000000)
  region size 1024K, 3 young (3072K), 3 survivors (3072K)
 Metaspace       used 81469K, committed 83328K, reserved 1179648K
  class space    used 11354K, committed 12288K, reserved 1048576K
}
Event: 31.685 GC heap before
{Heap before GC invocations=35 (full 0):
 garbage-first heap   total 143360K, used 123217K [0x0000000080000000, 0x0000000100000000)
  region size 1024K, 36 young (36864K), 3 survivors (3072K)
 Metaspace       used 83891K, committed 85760K, reserved 1179648K
  class space    used 11667K, committed 12544K, reserved 1048576K
}
Event: 31.700 GC heap after
{Heap after GC invocations=36 (full 0):
 garbage-first heap   total 143360K, used 91036K [0x0000000080000000, 0x0000000100000000)
  region size 1024K, 5 young (5120K), 5 survivors (5120K)
 Metaspace       used 83891K, committed 85760K, reserved 1179648K
  class space    used 11667K, committed 12544K, reserved 1048576K
}
Event: 32.657 GC heap before
{Heap before GC invocations=36 (full 0):
 garbage-first heap   total 143360K, used 128924K [0x0000000080000000, 0x0000000100000000)
  region size 1024K, 42 young (43008K), 5 survivors (5120K)
 Metaspace       used 86582K, committed 88448K, reserved 1179648K
  class space    used 12006K, committed 12928K, reserved 1048576K
}
Event: 32.668 GC heap after
{Heap after GC invocations=37 (full 0):
 garbage-first heap   total 172032K, used 92400K [0x0000000080000000, 0x0000000100000000)
  region size 1024K, 3 young (3072K), 3 survivors (3072K)
 Metaspace       used 86582K, committed 88448K, reserved 1179648K
  class space    used 12006K, committed 12928K, reserved 1048576K
}

