# JRE version: OpenJDK Runtime Environment Temurin-21.0.10+7 (21.0.10+7) (build 21.0.10+7-LTS)
# Java VM: OpenJDK 64-Bit Server VM Temurin-21.0.10+7 (21.0.10+7-LTS, mixed mode, sharing, tiered, compressed oops, compressed class ptrs, parallel gc, windows-amd64)
GC Precious Log:
 CardTable entry size: 512
 CPUs: 20 total, 20 available
 Memory: 16004M
 Large Page Support: Disabled
 NUMA Support: Disabled
 Compressed Oops: Enabled (32-bit)
 Alignments: Space 512K, Generation 512K, Heap 2M
 Heap Min Capacity: 100M
 Heap Initial Capacity: 100M
 Heap Max Capacity: 2G
 Pre-touch: Disabled
 Parallel Workers: 15
Heap:
 PSYoungGen      total 12800K, used 996K [0x00000000d5580000, 0x00000000d6300000, 0x0000000100000000)
  eden space 11776K, 2% used [0x00000000d5580000,0x00000000d55c92e0,0x00000000d6100000)
  from space 1024K, 68% used [0x00000000d6100000,0x00000000d61b0000,0x00000000d6200000)
  to   space 1024K, 0% used [0x00000000d6200000,0x00000000d6200000,0x00000000d6300000)
 ParOldGen       total 68608K, used 61369K [0x0000000080000000, 0x0000000084300000, 0x00000000d5580000)
  object space 68608K, 89% used [0x0000000080000000,0x0000000083bee710,0x0000000084300000)
 Metaspace       used 66761K, committed 68224K, reserved 1114112K
  class space    used 8417K, committed 9088K, reserved 1048576K
GC Heap History (20 events):
Event: 8.311 GC heap before
{Heap before GC invocations=63 (full 3):
 PSYoungGen      total 13312K, used 13292K [0x00000000d5580000, 0x00000000d6700000, 0x0000000100000000)
  eden space 11776K, 100% used [0x00000000d5580000,0x00000000d6100000,0x00000000d6100000)
  from space 1536K, 98% used [0x00000000d6100000,0x00000000d627b180,0x00000000d6280000)
  to   space 3072K, 0% used [0x00000000d6400000,0x00000000d6400000,0x00000000d6700000)
 ParOldGen       total 68608K, used 54952K [0x0000000080000000, 0x0000000084300000, 0x00000000d5580000)
  object space 68608K, 80% used [0x0000000080000000,0x00000000835aa080,0x0000000084300000)
 Metaspace       used 62225K, committed 63552K, reserved 1114112K
  class space    used 7785K, committed 8384K, reserved 1048576K
}
Event: 8.313 GC heap after
{Heap after GC invocations=63 (full 3):
 PSYoungGen      total 13312K, used 1095K [0x00000000d5580000, 0x00000000d6580000, 0x0000000100000000)
  eden space 11776K, 0% used [0x00000000d5580000,0x00000000d5580000,0x00000000d6100000)
  from space 1536K, 71% used [0x00000000d6400000,0x00000000d6511e98,0x00000000d6580000)
  to   space 2048K, 0% used [0x00000000d6180000,0x00000000d6180000,0x00000000d6380000)
 ParOldGen       total 68608K, used 56201K [0x0000000080000000, 0x0000000084300000, 0x00000000d5580000)
  object space 68608K, 81% used [0x0000000080000000,0x00000000836e2588,0x0000000084300000)
 Metaspace       used 62225K, committed 63552K, reserved 1114112K
  class space    used 7785K, committed 8384K, reserved 1048576K
}
Event: 8.331 GC heap before
{Heap before GC invocations=64 (full 3):
 PSYoungGen      total 13312K, used 12871K [0x00000000d5580000, 0x00000000d6580000, 0x0000000100000000)
  eden space 11776K, 100% used [0x00000000d5580000,0x00000000d6100000,0x00000000d6100000)
  from space 1536K, 71% used [0x00000000d6400000,0x00000000d6511e98,0x00000000d6580000)
  to   space 2048K, 0% used [0x00000000d6180000,0x00000000d6180000,0x00000000d6380000)
 ParOldGen       total 68608K, used 56201K [0x0000000080000000, 0x0000000084300000, 0x00000000d5580000)
  object space 68608K, 81% used [0x0000000080000000,0x00000000836e2588,0x0000000084300000)
 Metaspace       used 62262K, committed 63616K, reserved 1114112K
  class space    used 7787K, committed 8384K, reserved 1048576K
}
Event: 8.333 GC heap after
{Heap after GC invocations=64 (full 3):
 PSYoungGen      total 12800K, used 992K [0x00000000d5580000, 0x00000000d6480000, 0x0000000100000000)
  eden space 11776K, 0% used [0x00000000d5580000,0x00000000d5580000,0x00000000d6100000)
  from space 1024K, 96% used [0x00000000d6180000,0x00000000d6278000,0x00000000d6280000)
  to   space 1536K, 0% used [0x00000000d6300000,0x00000000d6300000,0x00000000d6480000)
 ParOldGen       total 68608K, used 56897K [0x0000000080000000, 0x0000000084300000, 0x00000000d5580000)
  object space 68608K, 82% used [0x0000000080000000,0x0000000083790588,0x0000000084300000)
 Metaspace       used 62262K, committed 63616K, reserved 1114112K
  class space    used 7787K, committed 8384K, reserved 1048576K
}
Event: 8.355 GC heap before
{Heap before GC invocations=65 (full 3):
 PSYoungGen      total 12800K, used 12768K [0x00000000d5580000, 0x00000000d6480000, 0x0000000100000000)
  eden space 11776K, 100% used [0x00000000d5580000,0x00000000d6100000,0x00000000d6100000)
  from space 1024K, 96% used [0x00000000d6180000,0x00000000d6278000,0x00000000d6280000)
  to   space 1536K, 0% used [0x00000000d6300000,0x00000000d6300000,0x00000000d6480000)
 ParOldGen       total 68608K, used 56897K [0x0000000080000000, 0x0000000084300000, 0x00000000d5580000)
  object space 68608K, 82% used [0x0000000080000000,0x0000000083790588,0x0000000084300000)
 Metaspace       used 62264K, committed 63616K, reserved 1114112K
  class space    used 7787K, committed 8384K, reserved 1048576K
}
Event: 8.357 GC heap after
{Heap after GC invocations=65 (full 3):
 PSYoungGen      total 12800K, used 1016K [0x00000000d5580000, 0x00000000d6400000, 0x0000000100000000)
  eden space 11776K, 0% used [0x00000000d5580000,0x00000000d5580000,0x00000000d6100000)
  from space 1024K, 99% used [0x00000000d6300000,0x00000000d63fe200,0x00000000d6400000)
  to   space 1536K, 0% used [0x00000000d6100000,0x00000000d6100000,0x00000000d6280000)
 ParOldGen       total 68608K, used 57657K [0x0000000080000000, 0x0000000084300000, 0x00000000d5580000)
  object space 68608K, 84% used [0x0000000080000000,0x000000008384e588,0x0000000084300000)
 Metaspace       used 62264K, committed 63616K, reserved 1114112K
  class space    used 7787K, committed 8384K, reserved 1048576K
}
Event: 8.371 GC heap before
{Heap before GC invocations=66 (full 3):
 PSYoungGen      total 12800K, used 12792K [0x00000000d5580000, 0x00000000d6400000, 0x0000000100000000)
  eden space 11776K, 100% used [0x00000000d5580000,0x00000000d6100000,0x00000000d6100000)
  from space 1024K, 99% used [0x00000000d6300000,0x00000000d63fe200,0x00000000d6400000)
  to   space 1536K, 0% used [0x00000000d6100000,0x00000000d6100000,0x00000000d6280000)
 ParOldGen       total 68608K, used 57657K [0x0000000080000000, 0x0000000084300000, 0x00000000d5580000)
  object space 68608K, 84% used [0x0000000080000000,0x000000008384e588,0x0000000084300000)
 Metaspace       used 62271K, committed 63680K, reserved 1114112K
  class space    used 7787K, committed 8384K, reserved 1048576K
}
Event: 8.372 GC heap after
{Heap after GC invocations=66 (full 3):
 PSYoungGen      total 13312K, used 1056K [0x00000000d5580000, 0x00000000d6400000, 0x0000000100000000)
  eden space 11776K, 0% used [0x00000000d5580000,0x00000000d5580000,0x00000000d6100000)
  from space 1536K, 68% used [0x00000000d6100000,0x00000000d6208000,0x00000000d6280000)
  to   space 1536K, 0% used [0x00000000d6280000,0x00000000d6280000,0x00000000d6400000)
 ParOldGen       total 68608K, used 58473K [0x0000000080000000, 0x0000000084300000, 0x00000000d5580000)
  object space 68608K, 85% used [0x0000000080000000,0x000000008391a798,0x0000000084300000)
 Metaspace       used 62271K, committed 63680K, reserved 1114112K
  class space    used 7787K, committed 8384K, reserved 1048576K
}
Event: 8.412 GC heap before
{Heap before GC invocations=67 (full 3):
 PSYoungGen      total 13312K, used 12783K [0x00000000d5580000, 0x00000000d6400000, 0x0000000100000000)
  eden space 11776K, 99% used [0x00000000d5580000,0x00000000d60f3d10,0x00000000d6100000)
  from space 1536K, 68% used [0x00000000d6100000,0x00000000d6208000,0x00000000d6280000)
  to   space 1536K, 0% used [0x00000000d6280000,0x00000000d6280000,0x00000000d6400000)
 ParOldGen       total 68608K, used 58473K [0x0000000080000000, 0x0000000084300000, 0x00000000d5580000)
  object space 68608K, 85% used [0x0000000080000000,0x000000008391a798,0x0000000084300000)
 Metaspace       used 62434K, committed 63808K, reserved 1114112K
  class space    used 7800K, committed 8384K, reserved 1048576K
}
Event: 8.413 GC heap after
{Heap after GC invocations=67 (full 3):
 PSYoungGen      total 12800K, used 758K [0x00000000d5580000, 0x00000000d6380000, 0x0000000100000000)
  eden space 11776K, 0% used [0x00000000d5580000,0x00000000d5580000,0x00000000d6100000)
  from space 1024K, 74% used [0x00000000d6280000,0x00000000d633d9c0,0x00000000d6380000)
  to   space 1024K, 0% used [0x00000000d6180000,0x00000000d6180000,0x00000000d6280000)
 ParOldGen       total 68608K, used 59281K [0x0000000080000000, 0x0000000084300000, 0x00000000d5580000)
  object space 68608K, 86% used [0x0000000080000000,0x00000000839e4798,0x0000000084300000)
 Metaspace       used 62434K, committed 63808K, reserved 1114112K
  class space    used 7800K, committed 8384K, reserved 1048576K
}
Event: 8.476 GC heap before
{Heap before GC invocations=68 (full 3):
 PSYoungGen      total 12800K, used 12534K [0x00000000d5580000, 0x00000000d6380000, 0x0000000100000000)
  eden space 11776K, 100% used [0x00000000d5580000,0x00000000d6100000,0x00000000d6100000)
  from space 1024K, 74% used [0x00000000d6280000,0x00000000d633d9c0,0x00000000d6380000)
  to   space 1024K, 0% used [0x00000000d6180000,0x00000000d6180000,0x00000000d6280000)
 ParOldGen       total 68608K, used 59281K [0x0000000080000000, 0x0000000084300000, 0x00000000d5580000)
  object space 68608K, 86% used [0x0000000080000000,0x00000000839e4798,0x0000000084300000)
 Metaspace       used 62434K, committed 63808K, reserved 1114112K
  class space    used 7800K, committed 8384K, reserved 1048576K
}
Event: 8.477 GC heap after
{Heap after GC invocations=68 (full 3):
 PSYoungGen      total 12800K, used 754K [0x00000000d5580000, 0x00000000d6300000, 0x0000000100000000)
  eden space 11776K, 0% used [0x00000000d5580000,0x00000000d5580000,0x00000000d6100000)
  from space 1024K, 73% used [0x00000000d6180000,0x00000000d623c8e0,0x00000000d6280000)
  to   space 512K, 0% used [0x00000000d6280000,0x00000000d6280000,0x00000000d6300000)
 ParOldGen       total 68608K, used 60040K [0x0000000080000000, 0x0000000084300000, 0x00000000d5580000)
  object space 68608K, 87% used [0x0000000080000000,0x0000000083aa2338,0x0000000084300000)
 Metaspace       used 62434K, committed 63808K, reserved 1114112K
  class space    used 7800K, committed 8384K, reserved 1048576K
}
Event: 8.606 GC heap before
{Heap before GC invocations=69 (full 3):
 PSYoungGen      total 12800K, used 12530K [0x00000000d5580000, 0x00000000d6300000, 0x0000000100000000)
  eden space 11776K, 100% used [0x00000000d5580000,0x00000000d6100000,0x00000000d6100000)
  from space 1024K, 73% used [0x00000000d6180000,0x00000000d623c8e0,0x00000000d6280000)
  to   space 512K, 0% used [0x00000000d6280000,0x00000000d6280000,0x00000000d6300000)
 ParOldGen       total 68608K, used 60040K [0x0000000080000000, 0x0000000084300000, 0x00000000d5580000)
  object space 68608K, 87% used [0x0000000080000000,0x0000000083aa2338,0x0000000084300000)
 Metaspace       used 63377K, committed 64704K, reserved 1114112K
  class space    used 7920K, committed 8512K, reserved 1048576K
}
Event: 8.606 GC heap after
{Heap after GC invocations=69 (full 3):
 PSYoungGen      total 12288K, used 496K [0x00000000d5580000, 0x00000000d6300000, 0x0000000100000000)
  eden space 11776K, 0% used [0x00000000d5580000,0x00000000d5580000,0x00000000d6100000)
  from space 512K, 96% used [0x00000000d6280000,0x00000000d62fc010,0x00000000d6300000)
  to   space 1024K, 0% used [0x00000000d6100000,0x00000000d6100000,0x00000000d6200000)
 ParOldGen       total 68608K, used 60128K [0x0000000080000000, 0x0000000084300000, 0x00000000d5580000)
  object space 68608K, 87% used [0x0000000080000000,0x0000000083ab8338,0x0000000084300000)
 Metaspace       used 63377K, committed 64704K, reserved 1114112K
  class space    used 7920K, committed 8512K, reserved 1048576K
}
Event: 8.731 GC heap before
{Heap before GC invocations=70 (full 3):
 PSYoungGen      total 12288K, used 12272K [0x00000000d5580000, 0x00000000d6300000, 0x0000000100000000)
  eden space 11776K, 100% used [0x00000000d5580000,0x00000000d6100000,0x00000000d6100000)
  from space 512K, 96% used [0x00000000d6280000,0x00000000d62fc010,0x00000000d6300000)
  to   space 1024K, 0% used [0x00000000d6100000,0x00000000d6100000,0x00000000d6200000)
 ParOldGen       total 68608K, used 60128K [0x0000000080000000, 0x0000000084300000, 0x00000000d5580000)
  object space 68608K, 87% used [0x0000000080000000,0x0000000083ab8338,0x0000000084300000)
 Metaspace       used 64748K, committed 66176K, reserved 1114112K
  class space    used 8134K, committed 8768K, reserved 1048576K
}
Event: 8.732 GC heap after
{Heap after GC invocations=70 (full 3):
 PSYoungGen      total 12800K, used 800K [0x00000000d5580000, 0x00000000d6300000, 0x0000000100000000)
  eden space 11776K, 0% used [0x00000000d5580000,0x00000000d5580000,0x00000000d6100000)
  from space 1024K, 78% used [0x00000000d6100000,0x00000000d61c8010,0x00000000d6200000)
  to   space 1024K, 0% used [0x00000000d6200000,0x00000000d6200000,0x00000000d6300000)
 ParOldGen       total 68608K, used 60464K [0x0000000080000000, 0x0000000084300000, 0x00000000d5580000)
  object space 68608K, 88% used [0x0000000080000000,0x0000000083b0c368,0x0000000084300000)
 Metaspace       used 64748K, committed 66176K, reserved 1114112K
  class space    used 8134K, committed 8768K, reserved 1048576K
}
Event: 8.920 GC heap before
{Heap before GC invocations=71 (full 3):
 PSYoungGen      total 12800K, used 12576K [0x00000000d5580000, 0x00000000d6300000, 0x0000000100000000)
  eden space 11776K, 100% used [0x00000000d5580000,0x00000000d6100000,0x00000000d6100000)
  from space 1024K, 78% used [0x00000000d6100000,0x00000000d61c8010,0x00000000d6200000)
  to   space 1024K, 0% used [0x00000000d6200000,0x00000000d6200000,0x00000000d6300000)
 ParOldGen       total 68608K, used 60464K [0x0000000080000000, 0x0000000084300000, 0x00000000d5580000)
  object space 68608K, 88% used [0x0000000080000000,0x0000000083b0c368,0x0000000084300000)
 Metaspace       used 65655K, committed 67072K, reserved 1114112K
  class space    used 8243K, committed 8896K, reserved 1048576K
}
Event: 8.921 GC heap after
{Heap after GC invocations=71 (full 3):
 PSYoungGen      total 12800K, used 608K [0x00000000d5580000, 0x00000000d6300000, 0x0000000100000000)
  eden space 11776K, 0% used [0x00000000d5580000,0x00000000d5580000,0x00000000d6100000)
  from space 1024K, 59% used [0x00000000d6200000,0x00000000d6298000,0x00000000d6300000)
  to   space 1024K, 0% used [0x00000000d6100000,0x00000000d6100000,0x00000000d6200000)
 ParOldGen       total 68608K, used 61038K [0x0000000080000000, 0x0000000084300000, 0x00000000d5580000)
  object space 68608K, 88% used [0x0000000080000000,0x0000000083b9b8a0,0x0000000084300000)
 Metaspace       used 65655K, committed 67072K, reserved 1114112K
  class space    used 8243K, committed 8896K, reserved 1048576K
}
Event: 9.122 GC heap before
{Heap before GC invocations=72 (full 3):
 PSYoungGen      total 12800K, used 12384K [0x00000000d5580000, 0x00000000d6300000, 0x0000000100000000)
  eden space 11776K, 100% used [0x00000000d5580000,0x00000000d6100000,0x00000000d6100000)
  from space 1024K, 59% used [0x00000000d6200000,0x00000000d6298000,0x00000000d6300000)
  to   space 1024K, 0% used [0x00000000d6100000,0x00000000d6100000,0x00000000d6200000)
 ParOldGen       total 68608K, used 61038K [0x0000000080000000, 0x0000000084300000, 0x00000000d5580000)
  object space 68608K, 88% used [0x0000000080000000,0x0000000083b9b8a0,0x0000000084300000)
 Metaspace       used 66761K, committed 68224K, reserved 1114112K
  class space    used 8417K, committed 9088K, reserved 1048576K
}
Event: 9.124 GC heap after
{Heap after GC invocations=72 (full 3):
 PSYoungGen      total 12800K, used 704K [0x00000000d5580000, 0x00000000d6300000, 0x0000000100000000)
  eden space 11776K, 0% used [0x00000000d5580000,0x00000000d5580000,0x00000000d6100000)
  from space 1024K, 68% used [0x00000000d6100000,0x00000000d61b0000,0x00000000d6200000)
  to   space 1024K, 0% used [0x00000000d6200000,0x00000000d6200000,0x00000000d6300000)
 ParOldGen       total 68608K, used 61369K [0x0000000080000000, 0x0000000084300000, 0x00000000d5580000)
  object space 68608K, 89% used [0x0000000080000000,0x0000000083bee710,0x0000000084300000)
 Metaspace       used 66761K, committed 68224K, reserved 1114112K
  class space    used 8417K, committed 9088K, reserved 1048576K
}

