# JRE version: OpenJDK Runtime Environment (21.0.9) (build 21.0.9+-14787801-b1163.94)
# Java VM: OpenJDK 64-Bit Server VM (21.0.9+-14787801-b1163.94, mixed mode, tiered, compressed oops, compressed class ptrs, g1 gc, windows-amd64)
GC Precious Log:
 CardTable entry size: 512
 Card Set container configuration: InlinePtr #cards 5 size 8 Array Of Cards #cards 12 size 40 Howl #buckets 4 coarsen threshold 1843 Howl Bitmap #cards 512 size 80 coarsen threshold 460 Card regions per heap region 1 cards per card region 2048
 CPUs: 4 total, 4 available
 Memory: 8060M
 Large Page Support: Disabled
 NUMA Support: Disabled
 Compressed Oops: Enabled (32-bit)
 Heap Region Size: 1M
 Heap Min Capacity: 8M
 Heap Initial Capacity: 126M
 Heap Max Capacity: 2G
 Pre-touch: Disabled
 Parallel Workers: 4
 Concurrent Workers: 1
 Concurrent Refinement Workers: 4
 Periodic GC: Disabled
Heap:
 garbage-first heap   total 309248K, used 149256K [0x0000000080000000, 0x0000000100000000)
  region size 1024K, 20 young (20480K), 20 survivors (20480K)
 Metaspace       used 133979K, committed 136384K, reserved 1179648K
  class space    used 19157K, committed 20352K, reserved 1048576K
GC Heap History (20 events):
Event: 42.481 GC heap after
{Heap after GC invocations=61 (full 0):
 garbage-first heap   total 247808K, used 131820K [0x0000000080000000, 0x0000000100000000)
  region size 1024K, 8 young (8192K), 8 survivors (8192K)
 Metaspace       used 117644K, committed 119936K, reserved 1179648K
  class space    used 16769K, committed 17856K, reserved 1048576K
}
Event: 42.754 GC heap before
{Heap before GC invocations=61 (full 0):
 garbage-first heap   total 247808K, used 233196K [0x0000000080000000, 0x0000000100000000)
  region size 1024K, 107 young (109568K), 8 survivors (8192K)
 Metaspace       used 117654K, committed 119936K, reserved 1179648K
  class space    used 16769K, committed 17856K, reserved 1048576K
}
Event: 42.769 GC heap after
{Heap after GC invocations=62 (full 0):
 garbage-first heap   total 247808K, used 132892K [0x0000000080000000, 0x0000000100000000)
  region size 1024K, 9 young (9216K), 9 survivors (9216K)
 Metaspace       used 117654K, committed 119936K, reserved 1179648K
  class space    used 16769K, committed 17856K, reserved 1048576K
}
Event: 43.128 GC heap before
{Heap before GC invocations=62 (full 0):
 garbage-first heap   total 247808K, used 232220K [0x0000000080000000, 0x0000000100000000)
  region size 1024K, 107 young (109568K), 9 survivors (9216K)
 Metaspace       used 117655K, committed 119936K, reserved 1179648K
  class space    used 16769K, committed 17856K, reserved 1048576K
}
Event: 43.141 GC heap after
{Heap after GC invocations=63 (full 0):
 garbage-first heap   total 247808K, used 133169K [0x0000000080000000, 0x0000000100000000)
  region size 1024K, 8 young (8192K), 8 survivors (8192K)
 Metaspace       used 117655K, committed 119936K, reserved 1179648K
  class space    used 16769K, committed 17856K, reserved 1048576K
}
Event: 43.721 GC heap before
{Heap before GC invocations=64 (full 0):
 garbage-first heap   total 247808K, used 232497K [0x0000000080000000, 0x0000000100000000)
  region size 1024K, 106 young (108544K), 8 survivors (8192K)
 Metaspace       used 117721K, committed 120064K, reserved 1179648K
  class space    used 16779K, committed 17920K, reserved 1048576K
}
Event: 43.737 GC heap after
{Heap after GC invocations=65 (full 0):
 garbage-first heap   total 247808K, used 134169K [0x0000000080000000, 0x0000000100000000)
  region size 1024K, 9 young (9216K), 9 survivors (9216K)
 Metaspace       used 117721K, committed 120064K, reserved 1179648K
  class space    used 16779K, committed 17920K, reserved 1048576K
}
Event: 44.117 GC heap before
{Heap before GC invocations=65 (full 0):
 garbage-first heap   total 247808K, used 233497K [0x0000000080000000, 0x0000000100000000)
  region size 1024K, 106 young (108544K), 9 survivors (9216K)
 Metaspace       used 117733K, committed 120064K, reserved 1179648K
  class space    used 16779K, committed 17920K, reserved 1048576K
}
Event: 44.166 GC heap after
{Heap after GC invocations=66 (full 0):
 garbage-first heap   total 297984K, used 133747K [0x0000000080000000, 0x0000000100000000)
  region size 1024K, 8 young (8192K), 8 survivors (8192K)
 Metaspace       used 117733K, committed 120064K, reserved 1179648K
  class space    used 16779K, committed 17920K, reserved 1048576K
}
Event: 46.030 GC heap before
{Heap before GC invocations=66 (full 0):
 garbage-first heap   total 297984K, used 281203K [0x0000000080000000, 0x0000000100000000)
  region size 1024K, 152 young (155648K), 8 survivors (8192K)
 Metaspace       used 117988K, committed 120256K, reserved 1179648K
  class space    used 16811K, committed 17920K, reserved 1048576K
}
Event: 46.049 GC heap after
{Heap after GC invocations=67 (full 0):
 garbage-first heap   total 297984K, used 135365K [0x0000000080000000, 0x0000000100000000)
  region size 1024K, 10 young (10240K), 10 survivors (10240K)
 Metaspace       used 117988K, committed 120256K, reserved 1179648K
  class space    used 16811K, committed 17920K, reserved 1048576K
}
Event: 46.434 GC heap before
{Heap before GC invocations=67 (full 0):
 garbage-first heap   total 297984K, used 279749K [0x0000000080000000, 0x0000000100000000)
  region size 1024K, 152 young (155648K), 10 survivors (10240K)
 Metaspace       used 117993K, committed 120256K, reserved 1179648K
  class space    used 16811K, committed 17920K, reserved 1048576K
}
Event: 46.445 GC heap after
{Heap after GC invocations=68 (full 0):
 garbage-first heap   total 297984K, used 135820K [0x0000000080000000, 0x0000000100000000)
  region size 1024K, 10 young (10240K), 10 survivors (10240K)
 Metaspace       used 117993K, committed 120256K, reserved 1179648K
  class space    used 16811K, committed 17920K, reserved 1048576K
}
Event: 47.005 GC heap before
{Heap before GC invocations=68 (full 0):
 garbage-first heap   total 297984K, used 281228K [0x0000000080000000, 0x0000000100000000)
  region size 1024K, 152 young (155648K), 10 survivors (10240K)
 Metaspace       used 118063K, committed 120320K, reserved 1179648K
  class space    used 16820K, committed 17920K, reserved 1048576K
}
Event: 47.027 GC heap after
{Heap after GC invocations=69 (full 0):
 garbage-first heap   total 297984K, used 136462K [0x0000000080000000, 0x0000000100000000)
  region size 1024K, 11 young (11264K), 11 survivors (11264K)
 Metaspace       used 118063K, committed 120320K, reserved 1179648K
  class space    used 16820K, committed 17920K, reserved 1048576K
}
Event: 48.760 GC heap before
{Heap before GC invocations=70 (full 0):
 garbage-first heap   total 297984K, used 279822K [0x0000000080000000, 0x0000000100000000)
  region size 1024K, 152 young (155648K), 11 survivors (11264K)
 Metaspace       used 118181K, committed 120576K, reserved 1179648K
  class space    used 16825K, committed 17984K, reserved 1048576K
}
Event: 48.776 GC heap after
{Heap after GC invocations=71 (full 0):
 garbage-first heap   total 297984K, used 137701K [0x0000000080000000, 0x0000000100000000)
  region size 1024K, 11 young (11264K), 11 survivors (11264K)
 Metaspace       used 118181K, committed 120576K, reserved 1179648K
  class space    used 16825K, committed 17984K, reserved 1048576K
}
Event: 50.524 GC heap before
{Heap before GC invocations=71 (full 0):
 garbage-first heap   total 297984K, used 287205K [0x0000000080000000, 0x0000000100000000)
  region size 1024K, 151 young (154624K), 11 survivors (11264K)
 Metaspace       used 119564K, committed 121856K, reserved 1179648K
  class space    used 16937K, committed 18048K, reserved 1048576K
}
Event: 50.566 GC heap after
{Heap after GC invocations=72 (full 0):
 garbage-first heap   total 303104K, used 138012K [0x0000000080000000, 0x0000000100000000)
  region size 1024K, 11 young (11264K), 11 survivors (11264K)
 Metaspace       used 119564K, committed 121856K, reserved 1179648K
  class space    used 16937K, committed 18048K, reserved 1048576K
}
Event: 53.970 GC heap before
{Heap before GC invocations=72 (full 0):
 garbage-first heap   total 303104K, used 285468K [0x0000000080000000, 0x0000000100000000)
  region size 1024K, 156 young (159744K), 11 survivors (11264K)
 Metaspace       used 133979K, committed 136384K, reserved 1179648K
  class space    used 19157K, committed 20352K, reserved 1048576K
}

