# JRE version: OpenJDK Runtime Environment Temurin-21.0.10+7 (21.0.10+7) (build 21.0.10+7-LTS)
# Java VM: OpenJDK 64-Bit Server VM Temurin-21.0.10+7 (21.0.10+7-LTS, mixed mode, sharing, tiered, compressed oops, compressed class ptrs, parallel gc, windows-amd64)
GC Precious Log:
 CardTable entry size: 512
 CPUs: 20 total, 20 available
 Memory: 16004M
 Large Page Support: Disabled
 NUMA Support: Disabled
 Compressed Oops: Enabled (32-bit)
 Alignments: Space 512K, Generation 512K, Heap 2M
 Heap Min Capacity: 100M
 Heap Initial Capacity: 100M
 Heap Max Capacity: 2G
 Pre-touch: Disabled
 Parallel Workers: 15
Heap:
 PSYoungGen      total 12288K, used 2462K [0x00000000d5580000, 0x00000000d6300000, 0x0000000100000000)
  eden space 11264K, 16% used [0x00000000d5580000,0x00000000d57479c0,0x00000000d6080000)
  from space 1024K, 62% used [0x00000000d6200000,0x00000000d62a0040,0x00000000d6300000)
  to   space 1024K, 0% used [0x00000000d6100000,0x00000000d6100000,0x00000000d6200000)
 ParOldGen       total 68608K, used 60852K [0x0000000080000000, 0x0000000084300000, 0x00000000d5580000)
  object space 68608K, 88% used [0x0000000080000000,0x0000000083b6d0d0,0x0000000084300000)
 Metaspace       used 69117K, committed 70592K, reserved 1114112K
  class space    used 8684K, committed 9344K, reserved 1048576K
GC Heap History (20 events):
Event: 6.987 GC heap before
{Heap before GC invocations=66 (full 3):
 PSYoungGen      total 13312K, used 13124K [0x00000000d5580000, 0x00000000d6580000, 0x0000000100000000)
  eden space 11776K, 100% used [0x00000000d5580000,0x00000000d6100000,0x00000000d6100000)
  from space 1536K, 87% used [0x00000000d6400000,0x00000000d6551000,0x00000000d6580000)
  to   space 2048K, 0% used [0x00000000d6180000,0x00000000d6180000,0x00000000d6380000)
 ParOldGen       total 68608K, used 52689K [0x0000000080000000, 0x0000000084300000, 0x00000000d5580000)
  object space 68608K, 76% used [0x0000000080000000,0x00000000833745e8,0x0000000084300000)
 Metaspace       used 64951K, committed 66304K, reserved 1114112K
  class space    used 8163K, committed 8704K, reserved 1048576K
}
Event: 6.989 GC heap after
{Heap after GC invocations=66 (full 3):
 PSYoungGen      total 13312K, used 1056K [0x00000000d5580000, 0x00000000d6480000, 0x0000000100000000)
  eden space 11776K, 0% used [0x00000000d5580000,0x00000000d5580000,0x00000000d6100000)
  from space 1536K, 68% used [0x00000000d6180000,0x00000000d6288000,0x00000000d6300000)
  to   space 1536K, 0% used [0x00000000d6300000,0x00000000d6300000,0x00000000d6480000)
 ParOldGen       total 68608K, used 53804K [0x0000000080000000, 0x0000000084300000, 0x00000000d5580000)
  object space 68608K, 78% used [0x0000000080000000,0x000000008348b258,0x0000000084300000)
 Metaspace       used 64951K, committed 66304K, reserved 1114112K
  class space    used 8163K, committed 8704K, reserved 1048576K
}
Event: 7.014 GC heap before
{Heap before GC invocations=67 (full 3):
 PSYoungGen      total 13312K, used 12832K [0x00000000d5580000, 0x00000000d6480000, 0x0000000100000000)
  eden space 11776K, 100% used [0x00000000d5580000,0x00000000d6100000,0x00000000d6100000)
  from space 1536K, 68% used [0x00000000d6180000,0x00000000d6288000,0x00000000d6300000)
  to   space 1536K, 0% used [0x00000000d6300000,0x00000000d6300000,0x00000000d6480000)
 ParOldGen       total 68608K, used 53804K [0x0000000080000000, 0x0000000084300000, 0x00000000d5580000)
  object space 68608K, 78% used [0x0000000080000000,0x000000008348b258,0x0000000084300000)
 Metaspace       used 65064K, committed 66432K, reserved 1114112K
  class space    used 8179K, committed 8768K, reserved 1048576K
}
Event: 7.015 GC heap after
{Heap after GC invocations=67 (full 3):
 PSYoungGen      total 13312K, used 1248K [0x00000000d5580000, 0x00000000d6480000, 0x0000000100000000)
  eden space 11776K, 0% used [0x00000000d5580000,0x00000000d5580000,0x00000000d6100000)
  from space 1536K, 81% used [0x00000000d6300000,0x00000000d6438000,0x00000000d6480000)
  to   space 1536K, 0% used [0x00000000d6180000,0x00000000d6180000,0x00000000d6300000)
 ParOldGen       total 68608K, used 54689K [0x0000000080000000, 0x0000000084300000, 0x00000000d5580000)
  object space 68608K, 79% used [0x0000000080000000,0x0000000083568780,0x0000000084300000)
 Metaspace       used 65064K, committed 66432K, reserved 1114112K
  class space    used 8179K, committed 8768K, reserved 1048576K
}
Event: 7.040 GC heap before
{Heap before GC invocations=68 (full 3):
 PSYoungGen      total 13312K, used 13024K [0x00000000d5580000, 0x00000000d6480000, 0x0000000100000000)
  eden space 11776K, 100% used [0x00000000d5580000,0x00000000d6100000,0x00000000d6100000)
  from space 1536K, 81% used [0x00000000d6300000,0x00000000d6438000,0x00000000d6480000)
  to   space 1536K, 0% used [0x00000000d6180000,0x00000000d6180000,0x00000000d6300000)
 ParOldGen       total 68608K, used 54689K [0x0000000080000000, 0x0000000084300000, 0x00000000d5580000)
  object space 68608K, 79% used [0x0000000080000000,0x0000000083568780,0x0000000084300000)
 Metaspace       used 65080K, committed 66432K, reserved 1114112K
  class space    used 8179K, committed 8768K, reserved 1048576K
}
Event: 7.042 GC heap after
{Heap after GC invocations=68 (full 3):
 PSYoungGen      total 13312K, used 1408K [0x00000000d5580000, 0x00000000d6400000, 0x0000000100000000)
  eden space 11776K, 0% used [0x00000000d5580000,0x00000000d5580000,0x00000000d6100000)
  from space 1536K, 91% used [0x00000000d6180000,0x00000000d62e0010,0x00000000d6300000)
  to   space 1024K, 0% used [0x00000000d6300000,0x00000000d6300000,0x00000000d6400000)
 ParOldGen       total 68608K, used 55721K [0x0000000080000000, 0x0000000084300000, 0x00000000d5580000)
  object space 68608K, 81% used [0x0000000080000000,0x000000008366a7b0,0x0000000084300000)
 Metaspace       used 65080K, committed 66432K, reserved 1114112K
  class space    used 8179K, committed 8768K, reserved 1048576K
}
Event: 7.067 GC heap before
{Heap before GC invocations=69 (full 3):
 PSYoungGen      total 13312K, used 13184K [0x00000000d5580000, 0x00000000d6400000, 0x0000000100000000)
  eden space 11776K, 100% used [0x00000000d5580000,0x00000000d6100000,0x00000000d6100000)
  from space 1536K, 91% used [0x00000000d6180000,0x00000000d62e0010,0x00000000d6300000)
  to   space 1024K, 0% used [0x00000000d6300000,0x00000000d6300000,0x00000000d6400000)
 ParOldGen       total 68608K, used 55721K [0x0000000080000000, 0x0000000084300000, 0x00000000d5580000)
  object space 68608K, 81% used [0x0000000080000000,0x000000008366a7b0,0x0000000084300000)
 Metaspace       used 65118K, committed 66496K, reserved 1114112K
  class space    used 8182K, committed 8768K, reserved 1048576K
}
Event: 7.069 GC heap after
{Heap after GC invocations=69 (full 3):
 PSYoungGen      total 12288K, used 1024K [0x00000000d5580000, 0x00000000d6600000, 0x0000000100000000)
  eden space 11264K, 0% used [0x00000000d5580000,0x00000000d5580000,0x00000000d6080000)
  from space 1024K, 100% used [0x00000000d6300000,0x00000000d6400000,0x00000000d6400000)
  to   space 2560K, 0% used [0x00000000d6080000,0x00000000d6080000,0x00000000d6300000)
 ParOldGen       total 68608K, used 57017K [0x0000000080000000, 0x0000000084300000, 0x00000000d5580000)
  object space 68608K, 83% used [0x0000000080000000,0x00000000837ae7c0,0x0000000084300000)
 Metaspace       used 65118K, committed 66496K, reserved 1114112K
  class space    used 8182K, committed 8768K, reserved 1048576K
}
Event: 7.089 GC heap before
{Heap before GC invocations=70 (full 3):
 PSYoungGen      total 12288K, used 12288K [0x00000000d5580000, 0x00000000d6600000, 0x0000000100000000)
  eden space 11264K, 100% used [0x00000000d5580000,0x00000000d6080000,0x00000000d6080000)
  from space 1024K, 100% used [0x00000000d6300000,0x00000000d6400000,0x00000000d6400000)
  to   space 2560K, 0% used [0x00000000d6080000,0x00000000d6080000,0x00000000d6300000)
 ParOldGen       total 68608K, used 57018K [0x0000000080000000, 0x0000000084300000, 0x00000000d5580000)
  object space 68608K, 83% used [0x0000000080000000,0x00000000837ae810,0x0000000084300000)
 Metaspace       used 65139K, committed 66496K, reserved 1114112K
  class space    used 8184K, committed 8768K, reserved 1048576K
}
Event: 7.090 GC heap after
{Heap after GC invocations=70 (full 3):
 PSYoungGen      total 13824K, used 1176K [0x00000000d5580000, 0x00000000d6500000, 0x0000000100000000)
  eden space 11264K, 0% used [0x00000000d5580000,0x00000000d5580000,0x00000000d6080000)
  from space 2560K, 45% used [0x00000000d6080000,0x00000000d61a6200,0x00000000d6300000)
  to   space 2048K, 0% used [0x00000000d6300000,0x00000000d6300000,0x00000000d6500000)
 ParOldGen       total 68608K, used 57954K [0x0000000080000000, 0x0000000084300000, 0x00000000d5580000)
  object space 68608K, 84% used [0x0000000080000000,0x0000000083898810,0x0000000084300000)
 Metaspace       used 65139K, committed 66496K, reserved 1114112K
  class space    used 8184K, committed 8768K, reserved 1048576K
}
Event: 7.118 GC heap before
{Heap before GC invocations=71 (full 3):
 PSYoungGen      total 13824K, used 12440K [0x00000000d5580000, 0x00000000d6500000, 0x0000000100000000)
  eden space 11264K, 100% used [0x00000000d5580000,0x00000000d6080000,0x00000000d6080000)
  from space 2560K, 45% used [0x00000000d6080000,0x00000000d61a6200,0x00000000d6300000)
  to   space 2048K, 0% used [0x00000000d6300000,0x00000000d6300000,0x00000000d6500000)
 ParOldGen       total 68608K, used 57956K [0x0000000080000000, 0x0000000084300000, 0x00000000d5580000)
  object space 68608K, 84% used [0x0000000080000000,0x0000000083899150,0x0000000084300000)
 Metaspace       used 65439K, committed 66816K, reserved 1114112K
  class space    used 8211K, committed 8768K, reserved 1048576K
}
Event: 7.119 GC heap after
{Heap after GC invocations=71 (full 3):
 PSYoungGen      total 12288K, used 832K [0x00000000d5580000, 0x00000000d6400000, 0x0000000100000000)
  eden space 11264K, 0% used [0x00000000d5580000,0x00000000d5580000,0x00000000d6080000)
  from space 1024K, 81% used [0x00000000d6300000,0x00000000d63d0000,0x00000000d6400000)
  to   space 1536K, 0% used [0x00000000d6100000,0x00000000d6100000,0x00000000d6280000)
 ParOldGen       total 68608K, used 58924K [0x0000000080000000, 0x0000000084300000, 0x00000000d5580000)
  object space 68608K, 85% used [0x0000000080000000,0x000000008398b350,0x0000000084300000)
 Metaspace       used 65439K, committed 66816K, reserved 1114112K
  class space    used 8211K, committed 8768K, reserved 1048576K
}
Event: 7.341 GC heap before
{Heap before GC invocations=72 (full 3):
 PSYoungGen      total 12288K, used 12096K [0x00000000d5580000, 0x00000000d6400000, 0x0000000100000000)
  eden space 11264K, 100% used [0x00000000d5580000,0x00000000d6080000,0x00000000d6080000)
  from space 1024K, 81% used [0x00000000d6300000,0x00000000d63d0000,0x00000000d6400000)
  to   space 1536K, 0% used [0x00000000d6100000,0x00000000d6100000,0x00000000d6280000)
 ParOldGen       total 68608K, used 58924K [0x0000000080000000, 0x0000000084300000, 0x00000000d5580000)
  object space 68608K, 85% used [0x0000000080000000,0x000000008398b350,0x0000000084300000)
 Metaspace       used 65908K, committed 67328K, reserved 1114112K
  class space    used 8283K, committed 8896K, reserved 1048576K
}
Event: 7.342 GC heap after
{Heap after GC invocations=72 (full 3):
 PSYoungGen      total 12800K, used 544K [0x00000000d5580000, 0x00000000d6380000, 0x0000000100000000)
  eden space 11264K, 0% used [0x00000000d5580000,0x00000000d5580000,0x00000000d6080000)
  from space 1536K, 35% used [0x00000000d6100000,0x00000000d6188000,0x00000000d6280000)
  to   space 1024K, 0% used [0x00000000d6280000,0x00000000d6280000,0x00000000d6380000)
 ParOldGen       total 68608K, used 59633K [0x0000000080000000, 0x0000000084300000, 0x00000000d5580000)
  object space 68608K, 86% used [0x0000000080000000,0x0000000083a3c6a8,0x0000000084300000)
 Metaspace       used 65908K, committed 67328K, reserved 1114112K
  class space    used 8283K, committed 8896K, reserved 1048576K
}
Event: 7.609 GC heap before
{Heap before GC invocations=73 (full 3):
 PSYoungGen      total 12800K, used 11808K [0x00000000d5580000, 0x00000000d6380000, 0x0000000100000000)
  eden space 11264K, 100% used [0x00000000d5580000,0x00000000d6080000,0x00000000d6080000)
  from space 1536K, 35% used [0x00000000d6100000,0x00000000d6188000,0x00000000d6280000)
  to   space 1024K, 0% used [0x00000000d6280000,0x00000000d6280000,0x00000000d6380000)
 ParOldGen       total 68608K, used 59633K [0x0000000080000000, 0x0000000084300000, 0x00000000d5580000)
  object space 68608K, 86% used [0x0000000080000000,0x0000000083a3c6a8,0x0000000084300000)
 Metaspace       used 66824K, committed 68224K, reserved 1114112K
  class space    used 8428K, committed 9024K, reserved 1048576K
}
Event: 7.610 GC heap after
{Heap after GC invocations=73 (full 3):
 PSYoungGen      total 11776K, used 512K [0x00000000d5580000, 0x00000000d6300000, 0x0000000100000000)
  eden space 11264K, 0% used [0x00000000d5580000,0x00000000d5580000,0x00000000d6080000)
  from space 512K, 100% used [0x00000000d6280000,0x00000000d6300000,0x00000000d6300000)
  to   space 1024K, 0% used [0x00000000d6100000,0x00000000d6100000,0x00000000d6200000)
 ParOldGen       total 68608K, used 59986K [0x0000000080000000, 0x0000000084300000, 0x00000000d5580000)
  object space 68608K, 87% used [0x0000000080000000,0x0000000083a949a8,0x0000000084300000)
 Metaspace       used 66824K, committed 68224K, reserved 1114112K
  class space    used 8428K, committed 9024K, reserved 1048576K
}
Event: 7.819 GC heap before
{Heap before GC invocations=74 (full 3):
 PSYoungGen      total 11776K, used 11776K [0x00000000d5580000, 0x00000000d6300000, 0x0000000100000000)
  eden space 11264K, 100% used [0x00000000d5580000,0x00000000d6080000,0x00000000d6080000)
  from space 512K, 100% used [0x00000000d6280000,0x00000000d6300000,0x00000000d6300000)
  to   space 1024K, 0% used [0x00000000d6100000,0x00000000d6100000,0x00000000d6200000)
 ParOldGen       total 68608K, used 59986K [0x0000000080000000, 0x0000000084300000, 0x00000000d5580000)
  object space 68608K, 87% used [0x0000000080000000,0x0000000083a949a8,0x0000000084300000)
 Metaspace       used 67875K, committed 69440K, reserved 1114112K
  class space    used 8541K, committed 9216K, reserved 1048576K
}
Event: 7.820 GC heap after
{Heap after GC invocations=74 (full 3):
 PSYoungGen      total 12288K, used 997K [0x00000000d5580000, 0x00000000d6380000, 0x0000000100000000)
  eden space 11264K, 0% used [0x00000000d5580000,0x00000000d5580000,0x00000000d6080000)
  from space 1024K, 97% used [0x00000000d6100000,0x00000000d61f9768,0x00000000d6200000)
  to   space 1536K, 0% used [0x00000000d6200000,0x00000000d6200000,0x00000000d6380000)
 ParOldGen       total 68608K, used 60266K [0x0000000080000000, 0x0000000084300000, 0x00000000d5580000)
  object space 68608K, 87% used [0x0000000080000000,0x0000000083ada9a8,0x0000000084300000)
 Metaspace       used 67875K, committed 69440K, reserved 1114112K
  class space    used 8541K, committed 9216K, reserved 1048576K
}
Event: 7.928 GC heap before
{Heap before GC invocations=75 (full 3):
 PSYoungGen      total 12288K, used 12261K [0x00000000d5580000, 0x00000000d6380000, 0x0000000100000000)
  eden space 11264K, 100% used [0x00000000d5580000,0x00000000d6080000,0x00000000d6080000)
  from space 1024K, 97% used [0x00000000d6100000,0x00000000d61f9768,0x00000000d6200000)
  to   space 1536K, 0% used [0x00000000d6200000,0x00000000d6200000,0x00000000d6380000)
 ParOldGen       total 68608K, used 60266K [0x0000000080000000, 0x0000000084300000, 0x00000000d5580000)
  object space 68608K, 87% used [0x0000000080000000,0x0000000083ada9a8,0x0000000084300000)
 Metaspace       used 68867K, committed 70336K, reserved 1114112K
  class space    used 8642K, committed 9280K, reserved 1048576K
}
Event: 7.928 GC heap after
{Heap after GC invocations=75 (full 3):
 PSYoungGen      total 12288K, used 640K [0x00000000d5580000, 0x00000000d6300000, 0x0000000100000000)
  eden space 11264K, 0% used [0x00000000d5580000,0x00000000d5580000,0x00000000d6080000)
  from space 1024K, 62% used [0x00000000d6200000,0x00000000d62a0040,0x00000000d6300000)
  to   space 1024K, 0% used [0x00000000d6100000,0x00000000d6100000,0x00000000d6200000)
 ParOldGen       total 68608K, used 60852K [0x0000000080000000, 0x0000000084300000, 0x00000000d5580000)
  object space 68608K, 88% used [0x0000000080000000,0x0000000083b6d0d0,0x0000000084300000)
 Metaspace       used 68867K, committed 70336K, reserved 1114112K
  class space    used 8642K, committed 9280K, reserved 1048576K
}

