# JRE version: OpenJDK Runtime Environment (21.0.9) (build 21.0.9+-14787801-b1163.94)
# Java VM: OpenJDK 64-Bit Server VM (21.0.9+-14787801-b1163.94, mixed mode, tiered, compressed oops, compressed class ptrs, g1 gc, windows-amd64)
GC Precious Log:
 CardTable entry size: 512
 Card Set container configuration: InlinePtr #cards 5 size 8 Array Of Cards #cards 12 size 40 Howl #buckets 4 coarsen threshold 1843 Howl Bitmap #cards 512 size 80 coarsen threshold 460 Card regions per heap region 1 cards per card region 2048
 CPUs: 4 total, 4 available
 Memory: 8060M
 Large Page Support: Disabled
 NUMA Support: Disabled
 Compressed Oops: Enabled (32-bit)
 Heap Region Size: 1M
 Heap Min Capacity: 8M
 Heap Initial Capacity: 126M
 Heap Max Capacity: 2G
 Pre-touch: Disabled
 Parallel Workers: 4
 Concurrent Workers: 1
 Concurrent Refinement Workers: 4
 Periodic GC: Disabled
Heap:
 garbage-first heap   total 201728K, used 145408K [0x0000000080000000, 0x0000000100000000)
  region size 1024K, 19 young (19456K), 6 survivors (6144K)
 Metaspace       used 117551K, committed 119936K, reserved 1179648K
  class space    used 16716K, committed 17856K, reserved 1048576K
GC Heap History (20 events):
Event: 27.224 GC heap before
{Heap before GC invocations=43 (full 0):
 garbage-first heap   total 197632K, used 155540K [0x0000000080000000, 0x0000000100000000)
  region size 1024K, 74 young (75776K), 9 survivors (9216K)
 Metaspace       used 83298K, committed 85376K, reserved 1179648K
  class space    used 11708K, committed 12736K, reserved 1048576K
}
Event: 27.234 GC heap after
{Heap after GC invocations=44 (full 0):
 garbage-first heap   total 197632K, used 90752K [0x0000000080000000, 0x0000000100000000)
  region size 1024K, 10 young (10240K), 10 survivors (10240K)
 Metaspace       used 83298K, committed 85376K, reserved 1179648K
  class space    used 11708K, committed 12736K, reserved 1048576K
}
Event: 29.108 GC heap before
{Heap before GC invocations=44 (full 0):
 garbage-first heap   total 197632K, used 158336K [0x0000000080000000, 0x0000000100000000)
  region size 1024K, 76 young (77824K), 10 survivors (10240K)
 Metaspace       used 88220K, committed 90368K, reserved 1179648K
  class space    used 12347K, committed 13376K, reserved 1048576K
}
Event: 29.121 GC heap after
{Heap after GC invocations=45 (full 0):
 garbage-first heap   total 197632K, used 93844K [0x0000000080000000, 0x0000000100000000)
  region size 1024K, 8 young (8192K), 8 survivors (8192K)
 Metaspace       used 88220K, committed 90368K, reserved 1179648K
  class space    used 12347K, committed 13376K, reserved 1048576K
}
Event: 31.148 GC heap before
{Heap before GC invocations=45 (full 0):
 garbage-first heap   total 197632K, used 166548K [0x0000000080000000, 0x0000000100000000)
  region size 1024K, 76 young (77824K), 8 survivors (8192K)
 Metaspace       used 93707K, committed 95872K, reserved 1179648K
  class space    used 13094K, committed 14144K, reserved 1048576K
}
Event: 31.170 GC heap after
{Heap after GC invocations=46 (full 0):
 garbage-first heap   total 197632K, used 100925K [0x0000000080000000, 0x0000000100000000)
  region size 1024K, 7 young (7168K), 7 survivors (7168K)
 Metaspace       used 93707K, committed 95872K, reserved 1179648K
  class space    used 13094K, committed 14144K, reserved 1048576K
}
Event: 32.950 GC heap before
{Heap before GC invocations=46 (full 0):
 garbage-first heap   total 197632K, used 168509K [0x0000000080000000, 0x0000000100000000)
  region size 1024K, 73 young (74752K), 7 survivors (7168K)
 Metaspace       used 96786K, committed 99008K, reserved 1179648K
  class space    used 13520K, committed 14592K, reserved 1048576K
}
Event: 32.966 GC heap after
{Heap after GC invocations=47 (full 0):
 garbage-first heap   total 197632K, used 106493K [0x0000000080000000, 0x0000000100000000)
  region size 1024K, 9 young (9216K), 9 survivors (9216K)
 Metaspace       used 96786K, committed 99008K, reserved 1179648K
  class space    used 13520K, committed 14592K, reserved 1048576K
}
Event: 34.765 GC heap before
{Heap before GC invocations=47 (full 0):
 garbage-first heap   total 197632K, used 173053K [0x0000000080000000, 0x0000000100000000)
  region size 1024K, 74 young (75776K), 9 survivors (9216K)
 Metaspace       used 101257K, committed 103488K, reserved 1179648K
  class space    used 14305K, committed 15360K, reserved 1048576K
}
Event: 34.780 GC heap after
{Heap after GC invocations=48 (full 0):
 garbage-first heap   total 197632K, used 108126K [0x0000000080000000, 0x0000000100000000)
  region size 1024K, 7 young (7168K), 7 survivors (7168K)
 Metaspace       used 101257K, committed 103488K, reserved 1179648K
  class space    used 14305K, committed 15360K, reserved 1048576K
}
Event: 36.238 GC heap before
{Heap before GC invocations=48 (full 0):
 garbage-first heap   total 197632K, used 175710K [0x0000000080000000, 0x0000000100000000)
  region size 1024K, 73 young (74752K), 7 survivors (7168K)
 Metaspace       used 105367K, committed 107648K, reserved 1179648K
  class space    used 14938K, committed 16064K, reserved 1048576K
}
Event: 36.254 GC heap after
{Heap after GC invocations=49 (full 0):
 garbage-first heap   total 197632K, used 111127K [0x0000000080000000, 0x0000000100000000)
  region size 1024K, 5 young (5120K), 5 survivors (5120K)
 Metaspace       used 105367K, committed 107648K, reserved 1179648K
  class space    used 14938K, committed 16064K, reserved 1048576K
}
Event: 37.866 GC heap before
{Heap before GC invocations=49 (full 0):
 garbage-first heap   total 197632K, used 178711K [0x0000000080000000, 0x0000000100000000)
  region size 1024K, 71 young (72704K), 5 survivors (5120K)
 Metaspace       used 110000K, committed 112320K, reserved 1179648K
  class space    used 15595K, committed 16704K, reserved 1048576K
}
Event: 37.880 GC heap after
{Heap after GC invocations=50 (full 0):
 garbage-first heap   total 197632K, used 115042K [0x0000000080000000, 0x0000000100000000)
  region size 1024K, 9 young (9216K), 9 survivors (9216K)
 Metaspace       used 110000K, committed 112320K, reserved 1179648K
  class space    used 15595K, committed 16704K, reserved 1048576K
}
Event: 39.908 GC heap before
{Heap before GC invocations=51 (full 0):
 garbage-first heap   total 197632K, used 180578K [0x0000000080000000, 0x0000000100000000)
  region size 1024K, 73 young (74752K), 9 survivors (9216K)
 Metaspace       used 114582K, committed 116928K, reserved 1179648K
  class space    used 16300K, committed 17408K, reserved 1048576K
}
Event: 39.927 GC heap after
{Heap after GC invocations=52 (full 0):
 garbage-first heap   total 197632K, used 118079K [0x0000000080000000, 0x0000000100000000)
  region size 1024K, 7 young (7168K), 7 survivors (7168K)
 Metaspace       used 114582K, committed 116928K, reserved 1179648K
  class space    used 16300K, committed 17408K, reserved 1048576K
}
Event: 41.860 GC heap before
{Heap before GC invocations=52 (full 0):
 garbage-first heap   total 197632K, used 181567K [0x0000000080000000, 0x0000000100000000)
  region size 1024K, 70 young (71680K), 7 survivors (7168K)
 Metaspace       used 116182K, committed 118528K, reserved 1179648K
  class space    used 16540K, committed 17664K, reserved 1048576K
}
Event: 41.891 GC heap after
{Heap after GC invocations=53 (full 0):
 garbage-first heap   total 201728K, used 125952K [0x0000000080000000, 0x0000000100000000)
  region size 1024K, 9 young (9216K), 9 survivors (9216K)
 Metaspace       used 116182K, committed 118528K, reserved 1179648K
  class space    used 16540K, committed 17664K, reserved 1048576K
}
Event: 43.508 GC heap before
{Heap before GC invocations=53 (full 0):
 garbage-first heap   total 201728K, used 183296K [0x0000000080000000, 0x0000000100000000)
  region size 1024K, 66 young (67584K), 9 survivors (9216K)
 Metaspace       used 117551K, committed 119936K, reserved 1179648K
  class space    used 16716K, committed 17856K, reserved 1048576K
}
Event: 43.532 GC heap after
{Heap after GC invocations=54 (full 0):
 garbage-first heap   total 201728K, used 133120K [0x0000000080000000, 0x0000000100000000)
  region size 1024K, 6 young (6144K), 6 survivors (6144K)
 Metaspace       used 117551K, committed 119936K, reserved 1179648K
  class space    used 16716K, committed 17856K, reserved 1048576K
}

