# JRE version: OpenJDK Runtime Environment (21.0.9) (build 21.0.9+-14787801-b1163.94)
# Java VM: OpenJDK 64-Bit Server VM (21.0.9+-14787801-b1163.94, mixed mode, tiered, compressed oops, compressed class ptrs, g1 gc, windows-amd64)
GC Precious Log:
 CardTable entry size: 512
 Card Set container configuration: InlinePtr #cards 5 size 8 Array Of Cards #cards 12 size 40 Howl #buckets 4 coarsen threshold 1843 Howl Bitmap #cards 512 size 80 coarsen threshold 460 Card regions per heap region 1 cards per card region 2048
 CPUs: 4 total, 4 available
 Memory: 8060M
 Large Page Support: Disabled
 NUMA Support: Disabled
 Compressed Oops: Enabled (32-bit)
 Heap Region Size: 1M
 Heap Min Capacity: 8M
 Heap Initial Capacity: 126M
 Heap Max Capacity: 2G
 Pre-touch: Disabled
 Parallel Workers: 4
 Concurrent Workers: 1
 Concurrent Refinement Workers: 4
 Periodic GC: Disabled
Heap:
 garbage-first heap   total 182272K, used 128287K [0x0000000080000000, 0x0000000100000000)
  region size 1024K, 16 young (16384K), 4 survivors (4096K)
 Metaspace       used 113566K, committed 115776K, reserved 1179648K
  class space    used 16121K, committed 17216K, reserved 1048576K
GC Heap History (20 events):
Event: 18.122 GC heap before
{Heap before GC invocations=28 (full 0):
 garbage-first heap   total 149504K, used 135410K [0x0000000080000000, 0x0000000100000000)
  region size 1024K, 55 young (56320K), 7 survivors (7168K)
 Metaspace       used 86650K, committed 88576K, reserved 1179648K
  class space    used 12038K, committed 12992K, reserved 1048576K
}
Event: 18.131 GC heap after
{Heap after GC invocations=29 (full 0):
 garbage-first heap   total 149504K, used 88982K [0x0000000080000000, 0x0000000100000000)
  region size 1024K, 3 young (3072K), 3 survivors (3072K)
 Metaspace       used 86650K, committed 88576K, reserved 1179648K
  class space    used 12038K, committed 12992K, reserved 1048576K
}
Event: 19.017 GC heap before
{Heap before GC invocations=30 (full 0):
 garbage-first heap   total 149504K, used 137110K [0x0000000080000000, 0x0000000100000000)
  region size 1024K, 50 young (51200K), 3 survivors (3072K)
 Metaspace       used 91427K, committed 93248K, reserved 1179648K
  class space    used 12693K, committed 13568K, reserved 1048576K
}
Event: 19.024 GC heap after
{Heap after GC invocations=31 (full 0):
 garbage-first heap   total 149504K, used 90554K [0x0000000080000000, 0x0000000100000000)
  region size 1024K, 5 young (5120K), 5 survivors (5120K)
 Metaspace       used 91427K, committed 93248K, reserved 1179648K
  class space    used 12693K, committed 13568K, reserved 1048576K
}
Event: 19.710 GC heap before
{Heap before GC invocations=31 (full 0):
 garbage-first heap   total 149504K, used 141754K [0x0000000080000000, 0x0000000100000000)
  region size 1024K, 52 young (53248K), 5 survivors (5120K)
 Metaspace       used 94343K, committed 96192K, reserved 1179648K
  class space    used 13121K, committed 14016K, reserved 1048576K
}
Event: 19.722 GC heap after
{Heap after GC invocations=32 (full 0):
 garbage-first heap   total 152576K, used 96216K [0x0000000080000000, 0x0000000100000000)
  region size 1024K, 6 young (6144K), 6 survivors (6144K)
 Metaspace       used 94343K, committed 96192K, reserved 1179648K
  class space    used 13121K, committed 14016K, reserved 1048576K
}
Event: 20.244 GC heap before
{Heap before GC invocations=32 (full 0):
 garbage-first heap   total 152576K, used 141272K [0x0000000080000000, 0x0000000100000000)
  region size 1024K, 50 young (51200K), 6 survivors (6144K)
 Metaspace       used 96076K, committed 98048K, reserved 1179648K
  class space    used 13347K, committed 14272K, reserved 1048576K
}
Event: 20.254 GC heap after
{Heap after GC invocations=33 (full 0):
 garbage-first heap   total 152576K, used 99523K [0x0000000080000000, 0x0000000100000000)
  region size 1024K, 7 young (7168K), 7 survivors (7168K)
 Metaspace       used 96076K, committed 98048K, reserved 1179648K
  class space    used 13347K, committed 14272K, reserved 1048576K
}
Event: 20.967 GC heap before
{Heap before GC invocations=34 (full 0):
 garbage-first heap   total 167936K, used 141507K [0x0000000080000000, 0x0000000100000000)
  region size 1024K, 48 young (49152K), 7 survivors (7168K)
 Metaspace       used 98944K, committed 100864K, reserved 1179648K
  class space    used 13814K, committed 14720K, reserved 1048576K
}
Event: 20.975 GC heap after
{Heap after GC invocations=35 (full 0):
 garbage-first heap   total 167936K, used 101371K [0x0000000080000000, 0x0000000100000000)
  region size 1024K, 2 young (2048K), 2 survivors (2048K)
 Metaspace       used 98944K, committed 100864K, reserved 1179648K
  class space    used 13814K, committed 14720K, reserved 1048576K
}
Event: 21.724 GC heap before
{Heap before GC invocations=35 (full 0):
 garbage-first heap   total 167936K, used 155643K [0x0000000080000000, 0x0000000100000000)
  region size 1024K, 55 young (56320K), 2 survivors (2048K)
 Metaspace       used 102941K, committed 104960K, reserved 1179648K
  class space    used 14500K, committed 15488K, reserved 1048576K
}
Event: 21.733 GC heap after
{Heap after GC invocations=36 (full 0):
 garbage-first heap   total 167936K, used 102901K [0x0000000080000000, 0x0000000100000000)
  region size 1024K, 4 young (4096K), 4 survivors (4096K)
 Metaspace       used 102941K, committed 104960K, reserved 1179648K
  class space    used 14500K, committed 15488K, reserved 1048576K
}
Event: 22.722 GC heap before
{Heap before GC invocations=36 (full 0):
 garbage-first heap   total 167936K, used 157173K [0x0000000080000000, 0x0000000100000000)
  region size 1024K, 57 young (58368K), 4 survivors (4096K)
 Metaspace       used 106514K, committed 108672K, reserved 1179648K
  class space    used 15044K, committed 16064K, reserved 1048576K
}
Event: 22.731 GC heap after
{Heap after GC invocations=37 (full 0):
 garbage-first heap   total 167936K, used 106107K [0x0000000080000000, 0x0000000100000000)
  region size 1024K, 7 young (7168K), 7 survivors (7168K)
 Metaspace       used 106514K, committed 108672K, reserved 1179648K
  class space    used 15044K, committed 16064K, reserved 1048576K
}
Event: 57.636 GC heap before
{Heap before GC invocations=38 (full 0):
 garbage-first heap   total 178176K, used 157307K [0x0000000080000000, 0x0000000100000000)
  region size 1024K, 57 young (58368K), 7 survivors (7168K)
 Metaspace       used 108429K, committed 110656K, reserved 1179648K
  class space    used 15431K, committed 16512K, reserved 1048576K
}
Event: 57.653 GC heap after
{Heap after GC invocations=39 (full 0):
 garbage-first heap   total 178176K, used 107687K [0x0000000080000000, 0x0000000100000000)
  region size 1024K, 6 young (6144K), 6 survivors (6144K)
 Metaspace       used 108429K, committed 110656K, reserved 1179648K
  class space    used 15431K, committed 16512K, reserved 1048576K
}
Event: 58.880 GC heap before
{Heap before GC invocations=39 (full 0):
 garbage-first heap   total 178176K, used 166055K [0x0000000080000000, 0x0000000100000000)
  region size 1024K, 64 young (65536K), 6 survivors (6144K)
 Metaspace       used 109004K, committed 111232K, reserved 1179648K
  class space    used 15434K, committed 16512K, reserved 1048576K
}
Event: 58.896 GC heap after
{Heap after GC invocations=40 (full 0):
 garbage-first heap   total 182272K, used 113358K [0x0000000080000000, 0x0000000100000000)
  region size 1024K, 8 young (8192K), 8 survivors (8192K)
 Metaspace       used 109004K, committed 111232K, reserved 1179648K
  class space    used 15434K, committed 16512K, reserved 1048576K
}
Event: 60.075 GC heap before
{Heap before GC invocations=40 (full 0):
 garbage-first heap   total 182272K, used 169678K [0x0000000080000000, 0x0000000100000000)
  region size 1024K, 63 young (64512K), 8 survivors (8192K)
 Metaspace       used 112607K, committed 114816K, reserved 1179648K
  class space    used 15957K, committed 17024K, reserved 1048576K
}
Event: 60.090 GC heap after
{Heap after GC invocations=41 (full 0):
 garbage-first heap   total 182272K, used 117023K [0x0000000080000000, 0x0000000100000000)
  region size 1024K, 4 young (4096K), 4 survivors (4096K)
 Metaspace       used 112607K, committed 114816K, reserved 1179648K
  class space    used 15957K, committed 17024K, reserved 1048576K
}

