# JRE version: OpenJDK Runtime Environment (21.0.9) (build 21.0.9+-14787801-b1163.94)
# Java VM: OpenJDK 64-Bit Server VM (21.0.9+-14787801-b1163.94, mixed mode, tiered, compressed oops, compressed class ptrs, g1 gc, windows-amd64)
GC Precious Log:
 CardTable entry size: 512
 Card Set container configuration: InlinePtr #cards 5 size 8 Array Of Cards #cards 12 size 40 Howl #buckets 4 coarsen threshold 1843 Howl Bitmap #cards 512 size 80 coarsen threshold 460 Card regions per heap region 1 cards per card region 2048
 CPUs: 4 total, 4 available
 Memory: 8060M
 Large Page Support: Disabled
 NUMA Support: Disabled
 Compressed Oops: Enabled (32-bit)
 Heap Region Size: 1M
 Heap Min Capacity: 8M
 Heap Initial Capacity: 126M
 Heap Max Capacity: 2G
 Pre-touch: Disabled
 Parallel Workers: 4
 Concurrent Workers: 1
 Concurrent Refinement Workers: 4
 Periodic GC: Disabled
Heap:
 garbage-first heap   total 443392K, used 304128K [0x0000000080000000, 0x0000000100000000)
  region size 1024K, 16 young (16384K), 16 survivors (16384K)
 Metaspace       used 158000K, committed 160640K, reserved 1245184K
  class space    used 21650K, committed 22912K, reserved 1048576K
GC Heap History (20 events):
Event: 1009.800 GC heap after
{Heap after GC invocations=89 (full 0):
 garbage-first heap   total 350208K, used 194381K [0x0000000080000000, 0x0000000100000000)
  region size 1024K, 7 young (7168K), 7 survivors (7168K)
 Metaspace       used 149267K, committed 151936K, reserved 1179648K
  class space    used 20403K, committed 21696K, reserved 1048576K
}
Event: 1011.467 GC heap before
{Heap before GC invocations=90 (full 0):
 garbage-first heap   total 350208K, used 329549K [0x0000000080000000, 0x0000000100000000)
  region size 1024K, 140 young (143360K), 7 survivors (7168K)
 Metaspace       used 149316K, committed 152000K, reserved 1179648K
  class space    used 20403K, committed 21696K, reserved 1048576K
}
Event: 1011.479 GC heap after
{Heap after GC invocations=91 (full 0):
 garbage-first heap   total 350208K, used 194950K [0x0000000080000000, 0x0000000100000000)
  region size 1024K, 7 young (7168K), 7 survivors (7168K)
 Metaspace       used 149316K, committed 152000K, reserved 1179648K
  class space    used 20403K, committed 21696K, reserved 1048576K
}
Event: 1013.582 GC heap before
{Heap before GC invocations=91 (full 0):
 garbage-first heap   total 350208K, used 330118K [0x0000000080000000, 0x0000000100000000)
  region size 1024K, 140 young (143360K), 7 survivors (7168K)
 Metaspace       used 149356K, committed 152000K, reserved 1179648K
  class space    used 20404K, committed 21696K, reserved 1048576K
}
Event: 1013.900 GC heap after
{Heap after GC invocations=92 (full 0):
 garbage-first heap   total 350208K, used 190621K [0x0000000080000000, 0x0000000100000000)
  region size 1024K, 7 young (7168K), 7 survivors (7168K)
 Metaspace       used 149356K, committed 152000K, reserved 1179648K
  class space    used 20404K, committed 21696K, reserved 1048576K
}
Event: 1015.767 GC heap before
{Heap before GC invocations=92 (full 0):
 garbage-first heap   total 350208K, used 329885K [0x0000000080000000, 0x0000000100000000)
  region size 1024K, 144 young (147456K), 7 survivors (7168K)
 Metaspace       used 149641K, committed 152256K, reserved 1179648K
  class space    used 20448K, committed 21696K, reserved 1048576K
}
Event: 1015.783 GC heap after
{Heap after GC invocations=93 (full 0):
 garbage-first heap   total 420864K, used 193092K [0x0000000080000000, 0x0000000100000000)
  region size 1024K, 9 young (9216K), 9 survivors (9216K)
 Metaspace       used 149641K, committed 152256K, reserved 1179648K
  class space    used 20448K, committed 21696K, reserved 1048576K
}
Event: 1022.686 GC heap before
{Heap before GC invocations=94 (full 0):
 garbage-first heap   total 420864K, used 396868K [0x0000000080000000, 0x0000000100000000)
  region size 1024K, 209 young (214016K), 9 survivors (9216K)
 Metaspace       used 154720K, committed 157312K, reserved 1245184K
  class space    used 21165K, committed 22400K, reserved 1048576K
}
Event: 1022.785 GC heap after
{Heap after GC invocations=95 (full 0):
 garbage-first heap   total 443392K, used 229014K [0x0000000080000000, 0x0000000100000000)
  region size 1024K, 27 young (27648K), 27 survivors (27648K)
 Metaspace       used 154720K, committed 157312K, reserved 1245184K
  class space    used 21165K, committed 22400K, reserved 1048576K
}
Event: 1022.811 GC heap before
{Heap before GC invocations=95 (full 0):
 garbage-first heap   total 443392K, used 230038K [0x0000000080000000, 0x0000000100000000)
  region size 1024K, 28 young (28672K), 27 survivors (27648K)
 Metaspace       used 154720K, committed 157312K, reserved 1245184K
  class space    used 21165K, committed 22400K, reserved 1048576K
}
Event: 1022.832 GC heap after
{Heap after GC invocations=96 (full 0):
 garbage-first heap   total 443392K, used 231424K [0x0000000080000000, 0x0000000100000000)
  region size 1024K, 2 young (2048K), 2 survivors (2048K)
 Metaspace       used 154720K, committed 157312K, reserved 1245184K
  class space    used 21165K, committed 22400K, reserved 1048576K
}
Event: 1023.382 GC heap before
{Heap before GC invocations=96 (full 0):
 garbage-first heap   total 443392K, used 319487K [0x0000000080000000, 0x0000000100000000)
  region size 1024K, 88 young (90112K), 2 survivors (2048K)
 Metaspace       used 155121K, committed 157760K, reserved 1245184K
  class space    used 21227K, committed 22464K, reserved 1048576K
}
Event: 1023.422 GC heap after
{Heap after GC invocations=97 (full 0):
 garbage-first heap   total 443392K, used 246272K [0x0000000080000000, 0x0000000100000000)
  region size 1024K, 11 young (11264K), 11 survivors (11264K)
 Metaspace       used 155121K, committed 157760K, reserved 1245184K
  class space    used 21227K, committed 22464K, reserved 1048576K
}
Event: 1023.485 GC heap before
{Heap before GC invocations=97 (full 0):
 garbage-first heap   total 443392K, used 256512K [0x0000000080000000, 0x0000000100000000)
  region size 1024K, 21 young (21504K), 11 survivors (11264K)
 Metaspace       used 155165K, committed 157760K, reserved 1245184K
  class space    used 21239K, committed 22464K, reserved 1048576K
}
Event: 1023.510 GC heap after
{Heap after GC invocations=98 (full 0):
 garbage-first heap   total 443392K, used 249803K [0x0000000080000000, 0x0000000100000000)
  region size 1024K, 3 young (3072K), 3 survivors (3072K)
 Metaspace       used 155165K, committed 157760K, reserved 1245184K
  class space    used 21239K, committed 22464K, reserved 1048576K
}
Event: 1026.571 GC heap before
{Heap before GC invocations=98 (full 0):
 garbage-first heap   total 443392K, used 339915K [0x0000000080000000, 0x0000000100000000)
  region size 1024K, 92 young (94208K), 3 survivors (3072K)
 Metaspace       used 157015K, committed 159680K, reserved 1245184K
  class space    used 21521K, committed 22784K, reserved 1048576K
}
Event: 1026.618 GC heap after
{Heap after GC invocations=99 (full 0):
 garbage-first heap   total 443392K, used 269312K [0x0000000080000000, 0x0000000100000000)
  region size 1024K, 12 young (12288K), 12 survivors (12288K)
 Metaspace       used 157015K, committed 159680K, reserved 1245184K
  class space    used 21521K, committed 22784K, reserved 1048576K
}
Event: 1026.752 GC heap before
{Heap before GC invocations=99 (full 0):
 garbage-first heap   total 443392K, used 287744K [0x0000000080000000, 0x0000000100000000)
  region size 1024K, 31 young (31744K), 12 survivors (12288K)
 Metaspace       used 157107K, committed 159744K, reserved 1245184K
  class space    used 21527K, committed 22784K, reserved 1048576K
}
Event: 1026.815 GC heap after
{Heap after GC invocations=100 (full 0):
 garbage-first heap   total 443392K, used 274432K [0x0000000080000000, 0x0000000100000000)
  region size 1024K, 4 young (4096K), 4 survivors (4096K)
 Metaspace       used 157107K, committed 159744K, reserved 1245184K
  class space    used 21527K, committed 22784K, reserved 1048576K
}
Event: 1027.870 GC heap before
{Heap before GC invocations=100 (full 0):
 garbage-first heap   total 443392K, used 397311K [0x0000000080000000, 0x0000000100000000)
  region size 1024K, 124 young (126976K), 4 survivors (4096K)
 Metaspace       used 158000K, committed 160640K, reserved 1245184K
  class space    used 21650K, committed 22912K, reserved 1048576K
}

