# JRE version: OpenJDK Runtime Environment (21.0.9) (build 21.0.9+-14787801-b1163.94)
# Java VM: OpenJDK 64-Bit Server VM (21.0.9+-14787801-b1163.94, mixed mode, tiered, compressed oops, compressed class ptrs, g1 gc, windows-amd64)
GC Precious Log:
 CardTable entry size: 512
 Card Set container configuration: InlinePtr #cards 5 size 8 Array Of Cards #cards 12 size 40 Howl #buckets 4 coarsen threshold 1843 Howl Bitmap #cards 512 size 80 coarsen threshold 460 Card regions per heap region 1 cards per card region 2048
 CPUs: 4 total, 4 available
 Memory: 8060M
 Large Page Support: Disabled
 NUMA Support: Disabled
 Compressed Oops: Enabled (32-bit)
 Heap Region Size: 1M
 Heap Min Capacity: 8M
 Heap Initial Capacity: 126M
 Heap Max Capacity: 2G
 Pre-touch: Disabled
 Parallel Workers: 4
 Concurrent Workers: 1
 Concurrent Refinement Workers: 4
 Periodic GC: Disabled
Heap:
 garbage-first heap   total 187392K, used 167857K [0x0000000080000000, 0x0000000100000000)
  region size 1024K, 60 young (61440K), 9 survivors (9216K)
 Metaspace       used 116714K, committed 118912K, reserved 1179648K
  class space    used 16529K, committed 17600K, reserved 1048576K
GC Heap History (20 events):
Event: 121.937 GC heap before
{Heap before GC invocations=41 (full 0):
 garbage-first heap   total 150528K, used 134402K [0x0000000080000000, 0x0000000100000000)
  region size 1024K, 46 young (47104K), 3 survivors (3072K)
 Metaspace       used 89481K, committed 91392K, reserved 1179648K
  class space    used 12393K, committed 13312K, reserved 1048576K
}
Event: 121.945 GC heap after
{Heap after GC invocations=42 (full 0):
 garbage-first heap   total 150528K, used 90920K [0x0000000080000000, 0x0000000100000000)
  region size 1024K, 5 young (5120K), 5 survivors (5120K)
 Metaspace       used 89481K, committed 91392K, reserved 1179648K
  class space    used 12393K, committed 13312K, reserved 1048576K
}
Event: 124.648 GC heap before
{Heap before GC invocations=42 (full 0):
 garbage-first heap   total 150528K, used 134952K [0x0000000080000000, 0x0000000100000000)
  region size 1024K, 49 young (50176K), 5 survivors (5120K)
 Metaspace       used 92778K, committed 94656K, reserved 1179648K
  class space    used 12846K, committed 13760K, reserved 1048576K
}
Event: 124.656 GC heap after
{Heap after GC invocations=43 (full 0):
 garbage-first heap   total 150528K, used 92994K [0x0000000080000000, 0x0000000100000000)
  region size 1024K, 6 young (6144K), 6 survivors (6144K)
 Metaspace       used 92778K, committed 94656K, reserved 1179648K
  class space    used 12846K, committed 13760K, reserved 1048576K
}
Event: 126.551 GC heap before
{Heap before GC invocations=44 (full 0):
 garbage-first heap   total 157696K, used 141122K [0x0000000080000000, 0x0000000100000000)
  region size 1024K, 50 young (51200K), 6 survivors (6144K)
 Metaspace       used 94551K, committed 96448K, reserved 1179648K
  class space    used 13129K, committed 14080K, reserved 1048576K
}
Event: 126.562 GC heap after
{Heap after GC invocations=45 (full 0):
 garbage-first heap   total 157696K, used 100576K [0x0000000080000000, 0x0000000100000000)
  region size 1024K, 7 young (7168K), 7 survivors (7168K)
 Metaspace       used 94551K, committed 96448K, reserved 1179648K
  class space    used 13129K, committed 14080K, reserved 1048576K
}
Event: 128.133 GC heap before
{Heap before GC invocations=45 (full 0):
 garbage-first heap   total 157696K, used 144608K [0x0000000080000000, 0x0000000100000000)
  region size 1024K, 50 young (51200K), 7 survivors (7168K)
 Metaspace       used 97093K, committed 99072K, reserved 1179648K
  class space    used 13491K, committed 14464K, reserved 1048576K
}
Event: 128.145 GC heap after
{Heap after GC invocations=46 (full 0):
 garbage-first heap   total 157696K, used 101483K [0x0000000080000000, 0x0000000100000000)
  region size 1024K, 2 young (2048K), 2 survivors (2048K)
 Metaspace       used 97093K, committed 99072K, reserved 1179648K
  class space    used 13491K, committed 14464K, reserved 1048576K
}
Event: 128.334 GC heap before
{Heap before GC invocations=46 (full 0):
 garbage-first heap   total 157696K, used 106603K [0x0000000080000000, 0x0000000100000000)
  region size 1024K, 8 young (8192K), 2 survivors (2048K)
 Metaspace       used 97409K, committed 99328K, reserved 1179648K
  class space    used 13532K, committed 14464K, reserved 1048576K
}
Event: 128.338 GC heap after
{Heap after GC invocations=47 (full 0):
 garbage-first heap   total 157696K, used 101720K [0x0000000080000000, 0x0000000100000000)
  region size 1024K, 3 young (3072K), 3 survivors (3072K)
 Metaspace       used 97409K, committed 99328K, reserved 1179648K
  class space    used 13532K, committed 14464K, reserved 1048576K
}
Event: 130.403 GC heap before
{Heap before GC invocations=48 (full 0):
 garbage-first heap   total 174080K, used 146776K [0x0000000080000000, 0x0000000100000000)
  region size 1024K, 46 young (47104K), 3 survivors (3072K)
 Metaspace       used 100620K, committed 102592K, reserved 1179648K
  class space    used 14113K, committed 15040K, reserved 1048576K
}
Event: 130.408 GC heap after
{Heap after GC invocations=49 (full 0):
 garbage-first heap   total 174080K, used 102606K [0x0000000080000000, 0x0000000100000000)
  region size 1024K, 3 young (3072K), 3 survivors (3072K)
 Metaspace       used 100620K, committed 102592K, reserved 1179648K
  class space    used 14113K, committed 15040K, reserved 1048576K
}
Event: 132.368 GC heap before
{Heap before GC invocations=49 (full 0):
 garbage-first heap   total 174080K, used 163022K [0x0000000080000000, 0x0000000100000000)
  region size 1024K, 62 young (63488K), 3 survivors (3072K)
 Metaspace       used 104613K, committed 106688K, reserved 1179648K
  class space    used 14732K, committed 15744K, reserved 1048576K
}
Event: 132.378 GC heap after
{Heap after GC invocations=50 (full 0):
 garbage-first heap   total 174080K, used 104363K [0x0000000080000000, 0x0000000100000000)
  region size 1024K, 6 young (6144K), 6 survivors (6144K)
 Metaspace       used 104613K, committed 106688K, reserved 1179648K
  class space    used 14732K, committed 15744K, reserved 1048576K
}
Event: 136.762 GC heap before
{Heap before GC invocations=50 (full 0):
 garbage-first heap   total 174080K, used 163755K [0x0000000080000000, 0x0000000100000000)
  region size 1024K, 64 young (65536K), 6 survivors (6144K)
 Metaspace       used 108946K, committed 111104K, reserved 1179648K
  class space    used 15357K, committed 16384K, reserved 1048576K
}
Event: 136.775 GC heap after
{Heap after GC invocations=51 (full 0):
 garbage-first heap   total 174080K, used 107547K [0x0000000080000000, 0x0000000100000000)
  region size 1024K, 8 young (8192K), 8 survivors (8192K)
 Metaspace       used 108946K, committed 111104K, reserved 1179648K
  class space    used 15357K, committed 16384K, reserved 1048576K
}
Event: 148.973 GC heap before
{Heap before GC invocations=52 (full 0):
 garbage-first heap   total 181248K, used 162843K [0x0000000080000000, 0x0000000100000000)
  region size 1024K, 62 young (63488K), 8 survivors (8192K)
 Metaspace       used 113266K, committed 115392K, reserved 1179648K
  class space    used 16019K, committed 17024K, reserved 1048576K
}
Event: 148.987 GC heap after
{Heap after GC invocations=53 (full 0):
 garbage-first heap   total 181248K, used 110540K [0x0000000080000000, 0x0000000100000000)
  region size 1024K, 7 young (7168K), 7 survivors (7168K)
 Metaspace       used 113266K, committed 115392K, reserved 1179648K
  class space    used 16019K, committed 17024K, reserved 1048576K
}
Event: 151.005 GC heap before
{Heap before GC invocations=53 (full 0):
 garbage-first heap   total 181248K, used 169932K [0x0000000080000000, 0x0000000100000000)
  region size 1024K, 65 young (66560K), 7 survivors (7168K)
 Metaspace       used 114577K, committed 116736K, reserved 1179648K
  class space    used 16193K, committed 17216K, reserved 1048576K
}
Event: 151.026 GC heap after
{Heap after GC invocations=54 (full 0):
 garbage-first heap   total 187392K, used 116657K [0x0000000080000000, 0x0000000100000000)
  region size 1024K, 9 young (9216K), 9 survivors (9216K)
 Metaspace       used 114577K, committed 116736K, reserved 1179648K
  class space    used 16193K, committed 17216K, reserved 1048576K
}

