# JRE version: OpenJDK Runtime Environment (21.0.9) (build 21.0.9+-14787801-b1163.94)
# Java VM: OpenJDK 64-Bit Server VM (21.0.9+-14787801-b1163.94, mixed mode, tiered, compressed oops, compressed class ptrs, g1 gc, windows-amd64)
GC Precious Log:
 CardTable entry size: 512
 Card Set container configuration: InlinePtr #cards 5 size 8 Array Of Cards #cards 12 size 40 Howl #buckets 4 coarsen threshold 1843 Howl Bitmap #cards 512 size 80 coarsen threshold 460 Card regions per heap region 1 cards per card region 2048
 CPUs: 4 total, 4 available
 Memory: 8060M
 Large Page Support: Disabled
 NUMA Support: Disabled
 Compressed Oops: Enabled (32-bit)
 Heap Region Size: 1M
 Heap Min Capacity: 8M
 Heap Initial Capacity: 126M
 Heap Max Capacity: 2G
 Pre-touch: Disabled
 Parallel Workers: 4
 Concurrent Workers: 1
 Concurrent Refinement Workers: 4
 Periodic GC: Disabled
Heap:
 garbage-first heap   total 306176K, used 264704K [0x0000000080000000, 0x0000000100000000)
  region size 1024K, 33 young (33792K), 9 survivors (9216K)
 Metaspace       used 122069K, committed 124288K, reserved 1179648K
  class space    used 17087K, committed 18176K, reserved 1048576K
GC Heap History (20 events):
Event: 31.131 GC heap before
{Heap before GC invocations=43 (full 0):
 garbage-first heap   total 176128K, used 164332K [0x0000000080000000, 0x0000000100000000)
  region size 1024K, 62 young (63488K), 6 survivors (6144K)
 Metaspace       used 114349K, committed 116544K, reserved 1179648K
  class space    used 16195K, committed 17280K, reserved 1048576K
}
Event: 31.153 GC heap after
{Heap after GC invocations=44 (full 0):
 garbage-first heap   total 215040K, used 112537K [0x0000000080000000, 0x0000000100000000)
  region size 1024K, 8 young (8192K), 8 survivors (8192K)
 Metaspace       used 114349K, committed 116544K, reserved 1179648K
  class space    used 16195K, committed 17280K, reserved 1048576K
}
Event: 34.172 GC heap before
{Heap before GC invocations=44 (full 0):
 garbage-first heap   total 215040K, used 195481K [0x0000000080000000, 0x0000000100000000)
  region size 1024K, 89 young (91136K), 8 survivors (8192K)
 Metaspace       used 117006K, committed 119232K, reserved 1179648K
  class space    used 16615K, committed 17664K, reserved 1048576K
}
Event: 34.196 GC heap after
{Heap after GC invocations=45 (full 0):
 garbage-first heap   total 217088K, used 125166K [0x0000000080000000, 0x0000000100000000)
  region size 1024K, 12 young (12288K), 12 survivors (12288K)
 Metaspace       used 117006K, committed 119232K, reserved 1179648K
  class space    used 16615K, committed 17664K, reserved 1048576K
}
Event: 37.102 GC heap before
{Heap before GC invocations=45 (full 0):
 garbage-first heap   total 217088K, used 194798K [0x0000000080000000, 0x0000000100000000)
  region size 1024K, 81 young (82944K), 12 survivors (12288K)
 Metaspace       used 117107K, committed 119360K, reserved 1179648K
  class space    used 16625K, committed 17728K, reserved 1048576K
}
Event: 37.121 GC heap after
{Heap after GC invocations=46 (full 0):
 garbage-first heap   total 217088K, used 129022K [0x0000000080000000, 0x0000000100000000)
  region size 1024K, 6 young (6144K), 6 survivors (6144K)
 Metaspace       used 117107K, committed 119360K, reserved 1179648K
  class space    used 16625K, committed 17728K, reserved 1048576K
}
Event: 37.825 GC heap before
{Heap before GC invocations=46 (full 0):
 garbage-first heap   total 217088K, used 161790K [0x0000000080000000, 0x0000000100000000)
  region size 1024K, 39 young (39936K), 6 survivors (6144K)
 Metaspace       used 117412K, committed 119616K, reserved 1179648K
  class space    used 16691K, committed 17792K, reserved 1048576K
}
Event: 37.832 GC heap after
{Heap after GC invocations=47 (full 0):
 garbage-first heap   total 217088K, used 130439K [0x0000000080000000, 0x0000000100000000)
  region size 1024K, 7 young (7168K), 7 survivors (7168K)
 Metaspace       used 117412K, committed 119616K, reserved 1179648K
  class space    used 16691K, committed 17792K, reserved 1048576K
}
Event: 40.113 GC heap before
{Heap before GC invocations=48 (full 0):
 garbage-first heap   total 227328K, used 206215K [0x0000000080000000, 0x0000000100000000)
  region size 1024K, 74 young (75776K), 7 survivors (7168K)
 Metaspace       used 120383K, committed 122624K, reserved 1179648K
  class space    used 16969K, committed 18048K, reserved 1048576K
}
Event: 40.132 GC heap after
{Heap after GC invocations=49 (full 0):
 garbage-first heap   total 229376K, used 145059K [0x0000000080000000, 0x0000000100000000)
  region size 1024K, 10 young (10240K), 10 survivors (10240K)
 Metaspace       used 120383K, committed 122624K, reserved 1179648K
  class space    used 16969K, committed 18048K, reserved 1048576K
}
Event: 43.815 GC heap before
{Heap before GC invocations=49 (full 0):
 garbage-first heap   total 229376K, used 202403K [0x0000000080000000, 0x0000000100000000)
  region size 1024K, 66 young (67584K), 10 survivors (10240K)
 Metaspace       used 121049K, committed 123264K, reserved 1179648K
  class space    used 17005K, committed 18112K, reserved 1048576K
}
Event: 43.839 GC heap after
{Heap after GC invocations=50 (full 0):
 garbage-first heap   total 229376K, used 157184K [0x0000000080000000, 0x0000000100000000)
  region size 1024K, 9 young (9216K), 9 survivors (9216K)
 Metaspace       used 121049K, committed 123264K, reserved 1179648K
  class space    used 17005K, committed 18112K, reserved 1048576K
}
Event: 44.756 GC heap before
{Heap before GC invocations=50 (full 0):
 garbage-first heap   total 229376K, used 204288K [0x0000000080000000, 0x0000000100000000)
  region size 1024K, 56 young (57344K), 9 survivors (9216K)
 Metaspace       used 121133K, committed 123328K, reserved 1179648K
  class space    used 17005K, committed 18112K, reserved 1048576K
}
Event: 44.777 GC heap after
{Heap after GC invocations=51 (full 0):
 garbage-first heap   total 231424K, used 174080K [0x0000000080000000, 0x0000000100000000)
  region size 1024K, 7 young (7168K), 7 survivors (7168K)
 Metaspace       used 121133K, committed 123328K, reserved 1179648K
  class space    used 17005K, committed 18112K, reserved 1048576K
}
Event: 45.444 GC heap before
{Heap before GC invocations=52 (full 0):
 garbage-first heap   total 306176K, used 217088K [0x0000000080000000, 0x0000000100000000)
  region size 1024K, 40 young (40960K), 7 survivors (7168K)
 Metaspace       used 121233K, committed 123456K, reserved 1179648K
  class space    used 17015K, committed 18112K, reserved 1048576K
}
Event: 45.470 GC heap after
{Heap after GC invocations=53 (full 0):
 garbage-first heap   total 306176K, used 193024K [0x0000000080000000, 0x0000000100000000)
  region size 1024K, 5 young (5120K), 5 survivors (5120K)
 Metaspace       used 121233K, committed 123456K, reserved 1179648K
  class space    used 17015K, committed 18112K, reserved 1048576K
}
Event: 47.285 GC heap before
{Heap before GC invocations=53 (full 0):
 garbage-first heap   total 306176K, used 264704K [0x0000000080000000, 0x0000000100000000)
  region size 1024K, 69 young (70656K), 5 survivors (5120K)
 Metaspace       used 121688K, committed 123840K, reserved 1179648K
  class space    used 17052K, committed 18112K, reserved 1048576K
}
Event: 47.309 GC heap after
{Heap after GC invocations=54 (full 0):
 garbage-first heap   total 306176K, used 202240K [0x0000000080000000, 0x0000000100000000)
  region size 1024K, 9 young (9216K), 9 survivors (9216K)
 Metaspace       used 121688K, committed 123840K, reserved 1179648K
  class space    used 17052K, committed 18112K, reserved 1048576K
}
Event: 47.741 GC heap before
{Heap before GC invocations=54 (full 0):
 garbage-first heap   total 306176K, used 227840K [0x0000000080000000, 0x0000000100000000)
  region size 1024K, 35 young (35840K), 9 survivors (9216K)
 Metaspace       used 121746K, committed 123968K, reserved 1179648K
  class space    used 17055K, committed 18112K, reserved 1048576K
}
Event: 47.765 GC heap after
{Heap after GC invocations=55 (full 0):
 garbage-first heap   total 306176K, used 212480K [0x0000000080000000, 0x0000000100000000)
  region size 1024K, 9 young (9216K), 9 survivors (9216K)
 Metaspace       used 121746K, committed 123968K, reserved 1179648K
  class space    used 17055K, committed 18112K, reserved 1048576K
}

