# JRE version: OpenJDK Runtime Environment (21.0.9) (build 21.0.9+-14787801-b1163.94)
# Java VM: OpenJDK 64-Bit Server VM (21.0.9+-14787801-b1163.94, mixed mode, tiered, compressed oops, compressed class ptrs, g1 gc, windows-amd64)
GC Precious Log:
 CardTable entry size: 512
 Card Set container configuration: InlinePtr #cards 5 size 8 Array Of Cards #cards 12 size 40 Howl #buckets 4 coarsen threshold 1843 Howl Bitmap #cards 512 size 80 coarsen threshold 460 Card regions per heap region 1 cards per card region 2048
 CPUs: 4 total, 4 available
 Memory: 8060M
 Large Page Support: Disabled
 NUMA Support: Disabled
 Compressed Oops: Enabled (32-bit)
 Heap Region Size: 1M
 Heap Min Capacity: 8M
 Heap Initial Capacity: 126M
 Heap Max Capacity: 2G
 Pre-touch: Disabled
 Parallel Workers: 4
 Concurrent Workers: 1
 Concurrent Refinement Workers: 4
 Periodic GC: Disabled
Heap:
 garbage-first heap   total 299008K, used 267363K [0x0000000080000000, 0x0000000100000000)
  region size 1024K, 98 young (100352K), 2 survivors (2048K)
 Metaspace       used 134781K, committed 137408K, reserved 1179648K
  class space    used 18700K, committed 19968K, reserved 1048576K
GC Heap History (20 events):
Event: 37.516 GC heap before
{Heap before GC invocations=44 (full 0):
 garbage-first heap   total 281600K, used 266628K [0x0000000080000000, 0x0000000100000000)
  region size 1024K, 145 young (148480K), 7 survivors (7168K)
 Metaspace       used 102271K, committed 104512K, reserved 1179648K
  class space    used 14448K, committed 15552K, reserved 1048576K
}
Event: 37.530 GC heap after
{Heap after GC invocations=45 (full 0):
 garbage-first heap   total 281600K, used 130560K [0x0000000080000000, 0x0000000100000000)
  region size 1024K, 13 young (13312K), 13 survivors (13312K)
 Metaspace       used 102271K, committed 104512K, reserved 1179648K
  class space    used 14448K, committed 15552K, reserved 1048576K
}
Event: 39.940 GC heap before
{Heap before GC invocations=45 (full 0):
 garbage-first heap   total 281600K, used 265728K [0x0000000080000000, 0x0000000100000000)
  region size 1024K, 144 young (147456K), 13 survivors (13312K)
 Metaspace       used 112647K, committed 115008K, reserved 1179648K
  class space    used 15990K, committed 17152K, reserved 1048576K
}
Event: 39.966 GC heap after
{Heap after GC invocations=46 (full 0):
 garbage-first heap   total 288768K, used 138515K [0x0000000080000000, 0x0000000100000000)
  region size 1024K, 14 young (14336K), 14 survivors (14336K)
 Metaspace       used 112647K, committed 115008K, reserved 1179648K
  class space    used 15990K, committed 17152K, reserved 1048576K
}
Event: 42.236 GC heap before
{Heap before GC invocations=46 (full 0):
 garbage-first heap   total 288768K, used 270611K [0x0000000080000000, 0x0000000100000000)
  region size 1024K, 143 young (146432K), 14 survivors (14336K)
 Metaspace       used 112648K, committed 115008K, reserved 1179648K
  class space    used 15990K, committed 17152K, reserved 1048576K
}
Event: 42.261 GC heap after
{Heap after GC invocations=47 (full 0):
 garbage-first heap   total 294912K, used 147914K [0x0000000080000000, 0x0000000100000000)
  region size 1024K, 17 young (17408K), 17 survivors (17408K)
 Metaspace       used 112648K, committed 115008K, reserved 1179648K
  class space    used 15990K, committed 17152K, reserved 1048576K
}
Event: 44.511 GC heap before
{Heap before GC invocations=48 (full 0):
 garbage-first heap   total 294912K, used 273866K [0x0000000080000000, 0x0000000100000000)
  region size 1024K, 139 young (142336K), 17 survivors (17408K)
 Metaspace       used 121933K, committed 124288K, reserved 1179648K
  class space    used 17210K, committed 18368K, reserved 1048576K
}
Event: 44.532 GC heap after
{Heap after GC invocations=49 (full 0):
 garbage-first heap   total 297984K, used 153117K [0x0000000080000000, 0x0000000100000000)
  region size 1024K, 7 young (7168K), 7 survivors (7168K)
 Metaspace       used 121933K, committed 124288K, reserved 1179648K
  class space    used 17210K, committed 18368K, reserved 1048576K
}
Event: 46.532 GC heap before
{Heap before GC invocations=49 (full 0):
 garbage-first heap   total 297984K, used 281117K [0x0000000080000000, 0x0000000100000000)
  region size 1024K, 128 young (131072K), 7 survivors (7168K)
 Metaspace       used 127650K, committed 130240K, reserved 1179648K
  class space    used 17806K, committed 19072K, reserved 1048576K
}
Event: 46.551 GC heap after
{Heap after GC invocations=50 (full 0):
 garbage-first heap   total 299008K, used 158720K [0x0000000080000000, 0x0000000100000000)
  region size 1024K, 13 young (13312K), 13 survivors (13312K)
 Metaspace       used 127650K, committed 130240K, reserved 1179648K
  class space    used 17806K, committed 19072K, reserved 1048576K
}
Event: 47.015 GC heap before
{Heap before GC invocations=50 (full 0):
 garbage-first heap   total 299008K, used 277504K [0x0000000080000000, 0x0000000100000000)
  region size 1024K, 129 young (132096K), 13 survivors (13312K)
 Metaspace       used 127696K, committed 130240K, reserved 1179648K
  class space    used 17809K, committed 19072K, reserved 1048576K
}
Event: 47.032 GC heap after
{Heap after GC invocations=51 (full 0):
 garbage-first heap   total 299008K, used 161197K [0x0000000080000000, 0x0000000100000000)
  region size 1024K, 10 young (10240K), 10 survivors (10240K)
 Metaspace       used 127696K, committed 130240K, reserved 1179648K
  class space    used 17809K, committed 19072K, reserved 1048576K
}
Event: 47.796 GC heap before
{Heap before GC invocations=52 (full 0):
 garbage-first heap   total 299008K, used 278957K [0x0000000080000000, 0x0000000100000000)
  region size 1024K, 126 young (129024K), 10 survivors (10240K)
 Metaspace       used 128012K, committed 130496K, reserved 1179648K
  class space    used 17853K, committed 19072K, reserved 1048576K
}
Event: 47.810 GC heap after
{Heap after GC invocations=53 (full 0):
 garbage-first heap   total 299008K, used 162986K [0x0000000080000000, 0x0000000100000000)
  region size 1024K, 5 young (5120K), 5 survivors (5120K)
 Metaspace       used 128012K, committed 130496K, reserved 1179648K
  class space    used 17853K, committed 19072K, reserved 1048576K
}
Event: 49.841 GC heap before
{Heap before GC invocations=53 (full 0):
 garbage-first heap   total 299008K, used 280746K [0x0000000080000000, 0x0000000100000000)
  region size 1024K, 121 young (123904K), 5 survivors (5120K)
 Metaspace       used 133735K, committed 136256K, reserved 1179648K
  class space    used 18537K, committed 19776K, reserved 1048576K
}
Event: 49.859 GC heap after
{Heap after GC invocations=54 (full 0):
 garbage-first heap   total 299008K, used 170067K [0x0000000080000000, 0x0000000100000000)
  region size 1024K, 14 young (14336K), 14 survivors (14336K)
 Metaspace       used 133735K, committed 136256K, reserved 1179648K
  class space    used 18537K, committed 19776K, reserved 1048576K
}
Event: 198.039 GC heap before
{Heap before GC invocations=54 (full 0):
 garbage-first heap   total 299008K, used 278611K [0x0000000080000000, 0x0000000100000000)
  region size 1024K, 121 young (123904K), 14 survivors (14336K)
 Metaspace       used 134665K, committed 137216K, reserved 1179648K
  class space    used 18688K, committed 19968K, reserved 1048576K
}
Event: 198.054 GC heap after
{Heap after GC invocations=55 (full 0):
 garbage-first heap   total 299008K, used 171795K [0x0000000080000000, 0x0000000100000000)
  region size 1024K, 2 young (2048K), 2 survivors (2048K)
 Metaspace       used 134665K, committed 137216K, reserved 1179648K
  class space    used 18688K, committed 19968K, reserved 1048576K
}
Event: 418.901 GC heap before
{Heap before GC invocations=56 (full 0):
 garbage-first heap   total 299008K, used 282387K [0x0000000080000000, 0x0000000100000000)
  region size 1024K, 110 young (112640K), 2 survivors (2048K)
 Metaspace       used 134706K, committed 137344K, reserved 1179648K
  class space    used 18688K, committed 19968K, reserved 1048576K
}
Event: 419.644 GC heap after
{Heap after GC invocations=57 (full 0):
 garbage-first heap   total 299008K, used 171107K [0x0000000080000000, 0x0000000100000000)
  region size 1024K, 2 young (2048K), 2 survivors (2048K)
 Metaspace       used 134706K, committed 137344K, reserved 1179648K
  class space    used 18688K, committed 19968K, reserved 1048576K
}

