# JRE version: OpenJDK Runtime Environment (21.0.9) (build 21.0.9+-14787801-b1163.94)
# Java VM: OpenJDK 64-Bit Server VM (21.0.9+-14787801-b1163.94, mixed mode, tiered, compressed oops, compressed class ptrs, g1 gc, windows-amd64)
GC Precious Log:
 CardTable entry size: 512
 Card Set container configuration: InlinePtr #cards 5 size 8 Array Of Cards #cards 12 size 40 Howl #buckets 4 coarsen threshold 1843 Howl Bitmap #cards 512 size 80 coarsen threshold 460 Card regions per heap region 1 cards per card region 2048
 CPUs: 4 total, 4 available
 Memory: 8060M
 Large Page Support: Disabled
 NUMA Support: Disabled
 Compressed Oops: Enabled (32-bit)
 Heap Region Size: 1M
 Heap Min Capacity: 8M
 Heap Initial Capacity: 126M
 Heap Max Capacity: 2G
 Pre-touch: Disabled
 Parallel Workers: 4
 Concurrent Workers: 1
 Concurrent Refinement Workers: 4
 Periodic GC: Disabled
Heap:
 garbage-first heap   total 244736K, used 133987K [0x0000000080000000, 0x0000000100000000)
  region size 1024K, 45 young (46080K), 3 survivors (3072K)
 Metaspace       used 86974K, committed 88768K, reserved 1179648K
  class space    used 12114K, committed 12928K, reserved 1048576K
GC Heap History (20 events):
Event: 45.041 GC heap before
{Heap before GC invocations=16 (full 0):
 garbage-first heap   total 96256K, used 86561K [0x0000000080000000, 0x0000000100000000)
  region size 1024K, 28 young (28672K), 3 survivors (3072K)
 Metaspace       used 56761K, committed 58368K, reserved 1114112K
  class space    used 8059K, committed 8832K, reserved 1048576K
}
Event: 45.047 GC heap after
{Heap after GC invocations=17 (full 0):
 garbage-first heap   total 96256K, used 62888K [0x0000000080000000, 0x0000000100000000)
  region size 1024K, 2 young (2048K), 2 survivors (2048K)
 Metaspace       used 56761K, committed 58368K, reserved 1114112K
  class space    used 8059K, committed 8832K, reserved 1048576K
}
Event: 46.236 GC heap before
{Heap before GC invocations=18 (full 0):
 garbage-first heap   total 106496K, used 89512K [0x0000000080000000, 0x0000000100000000)
  region size 1024K, 27 young (27648K), 2 survivors (2048K)
 Metaspace       used 57288K, committed 58816K, reserved 1114112K
  class space    used 8097K, committed 8832K, reserved 1048576K
}
Event: 46.244 GC heap after
{Heap after GC invocations=19 (full 0):
 garbage-first heap   total 106496K, used 67941K [0x0000000080000000, 0x0000000100000000)
  region size 1024K, 4 young (4096K), 4 survivors (4096K)
 Metaspace       used 57288K, committed 58816K, reserved 1114112K
  class space    used 8097K, committed 8832K, reserved 1048576K
}
Event: 46.790 GC heap before
{Heap before GC invocations=19 (full 0):
 garbage-first heap   total 106496K, used 96613K [0x0000000080000000, 0x0000000100000000)
  region size 1024K, 32 young (32768K), 4 survivors (4096K)
 Metaspace       used 58842K, committed 60544K, reserved 1114112K
  class space    used 8318K, committed 9088K, reserved 1048576K
}
Event: 46.798 GC heap after
{Heap after GC invocations=20 (full 0):
 garbage-first heap   total 106496K, used 70177K [0x0000000080000000, 0x0000000100000000)
  region size 1024K, 2 young (2048K), 2 survivors (2048K)
 Metaspace       used 58842K, committed 60544K, reserved 1114112K
  class space    used 8318K, committed 9088K, reserved 1048576K
}
Event: 47.261 GC heap before
{Heap before GC invocations=20 (full 0):
 garbage-first heap   total 106496K, used 97825K [0x0000000080000000, 0x0000000100000000)
  region size 1024K, 29 young (29696K), 2 survivors (2048K)
 Metaspace       used 59972K, committed 61696K, reserved 1114112K
  class space    used 8475K, committed 9280K, reserved 1048576K
}
Event: 47.266 GC heap after
{Heap after GC invocations=21 (full 0):
 garbage-first heap   total 106496K, used 70892K [0x0000000080000000, 0x0000000100000000)
  region size 1024K, 3 young (3072K), 3 survivors (3072K)
 Metaspace       used 59972K, committed 61696K, reserved 1114112K
  class space    used 8475K, committed 9280K, reserved 1048576K
}
Event: 48.036 GC heap before
{Heap before GC invocations=22 (full 0):
 garbage-first heap   total 119808K, used 98540K [0x0000000080000000, 0x0000000100000000)
  region size 1024K, 30 young (30720K), 3 survivors (3072K)
 Metaspace       used 64996K, committed 66688K, reserved 1114112K
  class space    used 9557K, committed 10368K, reserved 1048576K
}
Event: 48.041 GC heap after
{Heap after GC invocations=23 (full 0):
 garbage-first heap   total 119808K, used 71809K [0x0000000080000000, 0x0000000100000000)
  region size 1024K, 2 young (2048K), 2 survivors (2048K)
 Metaspace       used 64996K, committed 66688K, reserved 1114112K
  class space    used 9557K, committed 10368K, reserved 1048576K
}
Event: 48.950 GC heap before
{Heap before GC invocations=23 (full 0):
 garbage-first heap   total 119808K, used 110721K [0x0000000080000000, 0x0000000100000000)
  region size 1024K, 40 young (40960K), 2 survivors (2048K)
 Metaspace       used 71019K, committed 72704K, reserved 1114112K
  class space    used 10294K, committed 11072K, reserved 1048576K
}
Event: 48.956 GC heap after
{Heap after GC invocations=24 (full 0):
 garbage-first heap   total 119808K, used 72373K [0x0000000080000000, 0x0000000100000000)
  region size 1024K, 3 young (3072K), 3 survivors (3072K)
 Metaspace       used 71019K, committed 72704K, reserved 1114112K
  class space    used 10294K, committed 11072K, reserved 1048576K
}
Event: 50.357 GC heap before
{Heap before GC invocations=24 (full 0):
 garbage-first heap   total 119808K, used 111285K [0x0000000080000000, 0x0000000100000000)
  region size 1024K, 41 young (41984K), 3 survivors (3072K)
 Metaspace       used 76031K, committed 77824K, reserved 1179648K
  class space    used 10937K, committed 11776K, reserved 1048576K
}
Event: 50.363 GC heap after
{Heap after GC invocations=25 (full 0):
 garbage-first heap   total 119808K, used 74134K [0x0000000080000000, 0x0000000100000000)
  region size 1024K, 5 young (5120K), 5 survivors (5120K)
 Metaspace       used 76031K, committed 77824K, reserved 1179648K
  class space    used 10937K, committed 11776K, reserved 1048576K
}
Event: 50.598 GC heap before
{Heap before GC invocations=26 (full 0):
 garbage-first heap   total 126976K, used 110998K [0x0000000080000000, 0x0000000100000000)
  region size 1024K, 41 young (41984K), 5 survivors (5120K)
 Metaspace       used 76036K, committed 77824K, reserved 1179648K
  class space    used 10941K, committed 11776K, reserved 1048576K
}
Event: 50.622 GC heap after
{Heap after GC invocations=27 (full 0):
 garbage-first heap   total 132096K, used 89891K [0x0000000080000000, 0x0000000100000000)
  region size 1024K, 6 young (6144K), 6 survivors (6144K)
 Metaspace       used 76036K, committed 77824K, reserved 1179648K
  class space    used 10941K, committed 11776K, reserved 1048576K
}
Event: 51.369 GC heap before
{Heap before GC invocations=27 (full 0):
 garbage-first heap   total 132096K, used 117539K [0x0000000080000000, 0x0000000100000000)
  region size 1024K, 33 young (33792K), 6 survivors (6144K)
 Metaspace       used 79306K, committed 81024K, reserved 1179648K
  class space    used 11323K, committed 12160K, reserved 1048576K
}
Event: 51.382 GC heap after
{Heap after GC invocations=28 (full 0):
 garbage-first heap   total 132096K, used 92464K [0x0000000080000000, 0x0000000100000000)
  region size 1024K, 2 young (2048K), 2 survivors (2048K)
 Metaspace       used 79306K, committed 81024K, reserved 1179648K
  class space    used 11323K, committed 12160K, reserved 1048576K
}
Event: 52.081 GC heap before
{Heap before GC invocations=28 (full 0):
 garbage-first heap   total 132096K, used 119088K [0x0000000080000000, 0x0000000100000000)
  region size 1024K, 28 young (28672K), 2 survivors (2048K)
 Metaspace       used 82718K, committed 84480K, reserved 1179648K
  class space    used 11685K, committed 12544K, reserved 1048576K
}
Event: 52.086 GC heap after
{Heap after GC invocations=29 (full 0):
 garbage-first heap   total 244736K, used 93027K [0x0000000080000000, 0x0000000100000000)
  region size 1024K, 3 young (3072K), 3 survivors (3072K)
 Metaspace       used 82718K, committed 84480K, reserved 1179648K
  class space    used 11685K, committed 12544K, reserved 1048576K
}

