# JRE version: OpenJDK Runtime Environment (21.0.9) (build 21.0.9+-14787801-b1163.94)
# Java VM: OpenJDK 64-Bit Server VM (21.0.9+-14787801-b1163.94, mixed mode, tiered, compressed oops, compressed class ptrs, g1 gc, windows-amd64)
GC Precious Log:
 CardTable entry size: 512
 Card Set container configuration: InlinePtr #cards 5 size 8 Array Of Cards #cards 12 size 40 Howl #buckets 4 coarsen threshold 1843 Howl Bitmap #cards 512 size 80 coarsen threshold 460 Card regions per heap region 1 cards per card region 2048
 CPUs: 20 total, 20 available
 Memory: 16004M
 Large Page Support: Disabled
 NUMA Support: Disabled
 Compressed Oops: Enabled (32-bit)
 Heap Region Size: 1M
 Heap Min Capacity: 8M
 Heap Initial Capacity: 252M
 Heap Max Capacity: 2G
 Pre-touch: Disabled
 Parallel Workers: 15
 Concurrent Workers: 4
 Concurrent Refinement Workers: 15
 Periodic GC: Disabled
Heap:
 garbage-first heap   total 196608K, used 180388K [0x0000000080000000, 0x0000000100000000)
  region size 1024K, 72 young (73728K), 10 survivors (10240K)
 Metaspace       used 121418K, committed 123584K, reserved 1179648K
  class space    used 16886K, committed 17920K, reserved 1048576K
GC Heap History (20 events):
Event: 6.931 GC heap before
{Heap before GC invocations=28 (full 0):
 garbage-first heap   total 158720K, used 129958K [0x0000000080000000, 0x0000000100000000)
  region size 1024K, 48 young (49152K), 3 survivors (3072K)
 Metaspace       used 89986K, committed 91904K, reserved 1179648K
  class space    used 12387K, committed 13312K, reserved 1048576K
}
Event: 6.933 GC heap after
{Heap after GC invocations=29 (full 0):
 garbage-first heap   total 158720K, used 85710K [0x0000000080000000, 0x0000000100000000)
  region size 1024K, 4 young (4096K), 4 survivors (4096K)
 Metaspace       used 89986K, committed 91904K, reserved 1179648K
  class space    used 12387K, committed 13312K, reserved 1048576K
}
Event: 7.377 GC heap before
{Heap before GC invocations=29 (full 0):
 garbage-first heap   total 158720K, used 134862K [0x0000000080000000, 0x0000000100000000)
  region size 1024K, 52 young (53248K), 4 survivors (4096K)
 Metaspace       used 94635K, committed 96576K, reserved 1179648K
  class space    used 12986K, committed 13952K, reserved 1048576K
}
Event: 7.381 GC heap after
{Heap after GC invocations=30 (full 0):
 garbage-first heap   total 158720K, used 88167K [0x0000000080000000, 0x0000000100000000)
  region size 1024K, 5 young (5120K), 5 survivors (5120K)
 Metaspace       used 94635K, committed 96576K, reserved 1179648K
  class space    used 12986K, committed 13952K, reserved 1048576K
}
Event: 7.432 GC heap before
{Heap before GC invocations=30 (full 0):
 garbage-first heap   total 158720K, used 94311K [0x0000000080000000, 0x0000000100000000)
  region size 1024K, 12 young (12288K), 5 survivors (5120K)
 Metaspace       used 95080K, committed 97024K, reserved 1179648K
  class space    used 13056K, committed 14016K, reserved 1048576K
}
Event: 7.434 GC heap after
{Heap after GC invocations=31 (full 0):
 garbage-first heap   total 158720K, used 88147K [0x0000000080000000, 0x0000000100000000)
  region size 1024K, 3 young (3072K), 3 survivors (3072K)
 Metaspace       used 95080K, committed 97024K, reserved 1179648K
  class space    used 13056K, committed 14016K, reserved 1048576K
}
Event: 7.828 GC heap before
{Heap before GC invocations=32 (full 0):
 garbage-first heap   total 158720K, used 143443K [0x0000000080000000, 0x0000000100000000)
  region size 1024K, 54 young (55296K), 3 survivors (3072K)
 Metaspace       used 97171K, committed 99136K, reserved 1179648K
  class space    used 13371K, committed 14336K, reserved 1048576K
}
Event: 7.830 GC heap after
{Heap after GC invocations=33 (full 0):
 garbage-first heap   total 158720K, used 94431K [0x0000000080000000, 0x0000000100000000)
  region size 1024K, 6 young (6144K), 6 survivors (6144K)
 Metaspace       used 97171K, committed 99136K, reserved 1179648K
  class space    used 13371K, committed 14336K, reserved 1048576K
}
Event: 8.133 GC heap before
{Heap before GC invocations=33 (full 0):
 garbage-first heap   total 158720K, used 144607K [0x0000000080000000, 0x0000000100000000)
  region size 1024K, 54 young (55296K), 6 survivors (6144K)
 Metaspace       used 100627K, committed 102656K, reserved 1179648K
  class space    used 13842K, committed 14848K, reserved 1048576K
}
Event: 8.136 GC heap after
{Heap after GC invocations=34 (full 0):
 garbage-first heap   total 158720K, used 95754K [0x0000000080000000, 0x0000000100000000)
  region size 1024K, 6 young (6144K), 6 survivors (6144K)
 Metaspace       used 100627K, committed 102656K, reserved 1179648K
  class space    used 13842K, committed 14848K, reserved 1048576K
}
Event: 8.528 GC heap before
{Heap before GC invocations=34 (full 0):
 garbage-first heap   total 158720K, used 144906K [0x0000000080000000, 0x0000000100000000)
  region size 1024K, 54 young (55296K), 6 survivors (6144K)
 Metaspace       used 104350K, committed 106432K, reserved 1179648K
  class space    used 14541K, committed 15552K, reserved 1048576K
}
Event: 8.531 GC heap after
{Heap after GC invocations=35 (full 0):
 garbage-first heap   total 158720K, used 97200K [0x0000000080000000, 0x0000000100000000)
  region size 1024K, 4 young (4096K), 4 survivors (4096K)
 Metaspace       used 104350K, committed 106432K, reserved 1179648K
  class space    used 14541K, committed 15552K, reserved 1048576K
}
Event: 8.846 GC heap before
{Heap before GC invocations=36 (full 0):
 garbage-first heap   total 163840K, used 146352K [0x0000000080000000, 0x0000000100000000)
  region size 1024K, 52 young (53248K), 4 survivors (4096K)
 Metaspace       used 107330K, committed 109440K, reserved 1179648K
  class space    used 15030K, committed 16064K, reserved 1048576K
}
Event: 8.849 GC heap after
{Heap after GC invocations=37 (full 0):
 garbage-first heap   total 163840K, used 99221K [0x0000000080000000, 0x0000000100000000)
  region size 1024K, 6 young (6144K), 6 survivors (6144K)
 Metaspace       used 107330K, committed 109440K, reserved 1179648K
  class space    used 15030K, committed 16064K, reserved 1048576K
}
Event: 9.217 GC heap before
{Heap before GC invocations=37 (full 0):
 garbage-first heap   total 163840K, used 151445K [0x0000000080000000, 0x0000000100000000)
  region size 1024K, 57 young (58368K), 6 survivors (6144K)
 Metaspace       used 111151K, committed 113280K, reserved 1179648K
  class space    used 15567K, committed 16576K, reserved 1048576K
}
Event: 9.222 GC heap after
{Heap after GC invocations=38 (full 0):
 garbage-first heap   total 163840K, used 102149K [0x0000000080000000, 0x0000000100000000)
  region size 1024K, 7 young (7168K), 7 survivors (7168K)
 Metaspace       used 111151K, committed 113280K, reserved 1179648K
  class space    used 15567K, committed 16576K, reserved 1048576K
}
Event: 9.634 GC heap before
{Heap before GC invocations=38 (full 0):
 garbage-first heap   total 163840K, used 153349K [0x0000000080000000, 0x0000000100000000)
  region size 1024K, 57 young (58368K), 7 survivors (7168K)
 Metaspace       used 115599K, committed 117760K, reserved 1179648K
  class space    used 16209K, committed 17280K, reserved 1048576K
}
Event: 9.638 GC heap after
{Heap after GC invocations=39 (full 0):
 garbage-first heap   total 196608K, used 104963K [0x0000000080000000, 0x0000000100000000)
  region size 1024K, 6 young (6144K), 6 survivors (6144K)
 Metaspace       used 115599K, committed 117760K, reserved 1179648K
  class space    used 16209K, committed 17280K, reserved 1048576K
}
Event: 10.093 GC heap before
{Heap before GC invocations=40 (full 0):
 garbage-first heap   total 196608K, used 178691K [0x0000000080000000, 0x0000000100000000)
  region size 1024K, 78 young (79872K), 6 survivors (6144K)
 Metaspace       used 117179K, committed 119360K, reserved 1179648K
  class space    used 16429K, committed 17472K, reserved 1048576K
}
Event: 10.097 GC heap after
{Heap after GC invocations=41 (full 0):
 garbage-first heap   total 196608K, used 113828K [0x0000000080000000, 0x0000000100000000)
  region size 1024K, 10 young (10240K), 10 survivors (10240K)
 Metaspace       used 117179K, committed 119360K, reserved 1179648K
  class space    used 16429K, committed 17472K, reserved 1048576K
}

