# JRE version: OpenJDK Runtime Environment (21.0.9) (build 21.0.9+-14787801-b1163.94)
# Java VM: OpenJDK 64-Bit Server VM (21.0.9+-14787801-b1163.94, mixed mode, tiered, compressed oops, compressed class ptrs, g1 gc, windows-amd64)
GC Precious Log:
 CardTable entry size: 512
 Card Set container configuration: InlinePtr #cards 5 size 8 Array Of Cards #cards 12 size 40 Howl #buckets 4 coarsen threshold 1843 Howl Bitmap #cards 512 size 80 coarsen threshold 460 Card regions per heap region 1 cards per card region 2048
 CPUs: 4 total, 4 available
 Memory: 8060M
 Large Page Support: Disabled
 NUMA Support: Disabled
 Compressed Oops: Enabled (32-bit)
 Heap Region Size: 1M
 Heap Min Capacity: 8M
 Heap Initial Capacity: 126M
 Heap Max Capacity: 2G
 Pre-touch: Disabled
 Parallel Workers: 4
 Concurrent Workers: 1
 Concurrent Refinement Workers: 4
 Periodic GC: Disabled
Heap:
 garbage-first heap   total 84992K, used 56443K [0x0000000080000000, 0x0000000100000000)
  region size 1024K, 5 young (5120K), 3 survivors (3072K)
 Metaspace       used 44169K, committed 45376K, reserved 1114112K
  class space    used 6394K, committed 6976K, reserved 1048576K
GC Heap History (20 events):
Event: 3.355 GC heap before
{Heap before GC invocations=1 (full 0):
 garbage-first heap   total 129024K, used 26624K [0x0000000080000000, 0x0000000100000000)
  region size 1024K, 26 young (26624K), 1 survivors (1024K)
 Metaspace       used 8433K, committed 8576K, reserved 1114112K
  class space    used 766K, committed 832K, reserved 1048576K
}
Event: 3.359 GC heap after
{Heap after GC invocations=2 (full 0):
 garbage-first heap   total 129024K, used 4128K [0x0000000080000000, 0x0000000100000000)
  region size 1024K, 4 young (4096K), 4 survivors (4096K)
 Metaspace       used 8433K, committed 8576K, reserved 1114112K
  class space    used 766K, committed 832K, reserved 1048576K
}
Event: 4.443 GC heap before
{Heap before GC invocations=2 (full 0):
 garbage-first heap   total 129024K, used 78880K [0x0000000080000000, 0x0000000100000000)
  region size 1024K, 75 young (76800K), 4 survivors (4096K)
 Metaspace       used 12530K, committed 12672K, reserved 1114112K
  class space    used 1351K, committed 1408K, reserved 1048576K
}
Event: 4.451 GC heap after
{Heap after GC invocations=3 (full 0):
 garbage-first heap   total 129024K, used 11783K [0x0000000080000000, 0x0000000100000000)
  region size 1024K, 9 young (9216K), 9 survivors (9216K)
 Metaspace       used 12530K, committed 12672K, reserved 1114112K
  class space    used 1351K, committed 1408K, reserved 1048576K
}
Event: 6.509 GC heap before
{Heap before GC invocations=3 (full 0):
 garbage-first heap   total 129024K, used 81415K [0x0000000080000000, 0x0000000100000000)
  region size 1024K, 75 young (76800K), 9 survivors (9216K)
 Metaspace       used 17115K, committed 17408K, reserved 1114112K
  class space    used 1972K, committed 2112K, reserved 1048576K
}
Event: 6.568 GC heap after
{Heap after GC invocations=4 (full 0):
 garbage-first heap   total 129024K, used 18551K [0x0000000080000000, 0x0000000100000000)
  region size 1024K, 10 young (10240K), 10 survivors (10240K)
 Metaspace       used 17115K, committed 17408K, reserved 1114112K
  class space    used 1972K, committed 2112K, reserved 1048576K
}
Event: 7.185 GC heap before
{Heap before GC invocations=4 (full 0):
 garbage-first heap   total 129024K, used 33911K [0x0000000080000000, 0x0000000100000000)
  region size 1024K, 26 young (26624K), 10 survivors (10240K)
 Metaspace       used 21230K, committed 21504K, reserved 1114112K
  class space    used 2521K, committed 2688K, reserved 1048576K
}
Event: 7.194 GC heap after
{Heap after GC invocations=5 (full 0):
 garbage-first heap   total 129024K, used 20226K [0x0000000080000000, 0x0000000100000000)
  region size 1024K, 2 young (2048K), 2 survivors (2048K)
 Metaspace       used 21230K, committed 21504K, reserved 1114112K
  class space    used 2521K, committed 2688K, reserved 1048576K
}
Event: 8.900 GC heap before
{Heap before GC invocations=6 (full 0):
 garbage-first heap   total 68608K, used 67330K [0x0000000080000000, 0x0000000100000000)
  region size 1024K, 49 young (50176K), 2 survivors (2048K)
 Metaspace       used 29343K, committed 29824K, reserved 1114112K
  class space    used 3858K, committed 4096K, reserved 1048576K
}
Event: 8.968 GC heap after
{Heap after GC invocations=7 (full 0):
 garbage-first heap   total 73728K, used 22707K [0x0000000080000000, 0x0000000100000000)
  region size 1024K, 5 young (5120K), 5 survivors (5120K)
 Metaspace       used 29343K, committed 29824K, reserved 1114112K
  class space    used 3858K, committed 4096K, reserved 1048576K
}
Event: 13.666 GC heap before
{Heap before GC invocations=7 (full 0):
 garbage-first heap   total 73728K, used 61619K [0x0000000080000000, 0x0000000100000000)
  region size 1024K, 43 young (44032K), 5 survivors (5120K)
 Metaspace       used 34725K, committed 35520K, reserved 1114112K
  class space    used 4826K, committed 5184K, reserved 1048576K
}
Event: 13.675 GC heap after
{Heap after GC invocations=8 (full 0):
 garbage-first heap   total 73728K, used 25265K [0x0000000080000000, 0x0000000100000000)
  region size 1024K, 6 young (6144K), 6 survivors (6144K)
 Metaspace       used 34725K, committed 35520K, reserved 1114112K
  class space    used 4826K, committed 5184K, reserved 1048576K
}
Event: 15.115 GC heap before
{Heap before GC invocations=8 (full 0):
 garbage-first heap   total 73728K, used 37553K [0x0000000080000000, 0x0000000100000000)
  region size 1024K, 12 young (12288K), 6 survivors (6144K)
 Metaspace       used 35204K, committed 35968K, reserved 1114112K
  class space    used 4904K, committed 5248K, reserved 1048576K
}
Event: 15.123 GC heap after
{Heap after GC invocations=9 (full 0):
 garbage-first heap   total 73728K, used 35643K [0x0000000080000000, 0x0000000100000000)
  region size 1024K, 5 young (5120K), 5 survivors (5120K)
 Metaspace       used 35204K, committed 35968K, reserved 1114112K
  class space    used 4904K, committed 5248K, reserved 1048576K
}
Event: 20.229 GC heap before
{Heap before GC invocations=10 (full 0):
 garbage-first heap   total 73728K, used 72507K [0x0000000080000000, 0x0000000100000000)
  region size 1024K, 32 young (32768K), 5 survivors (5120K)
 Metaspace       used 38087K, committed 38976K, reserved 1114112K
  class space    used 5335K, committed 5760K, reserved 1048576K
}
Event: 20.239 GC heap after
{Heap after GC invocations=11 (full 0):
 garbage-first heap   total 84992K, used 52224K [0x0000000080000000, 0x0000000100000000)
  region size 1024K, 5 young (5120K), 5 survivors (5120K)
 Metaspace       used 38087K, committed 38976K, reserved 1114112K
  class space    used 5335K, committed 5760K, reserved 1048576K
}
Event: 21.280 GC heap before
{Heap before GC invocations=11 (full 0):
 garbage-first heap   total 84992K, used 74752K [0x0000000080000000, 0x0000000100000000)
  region size 1024K, 27 young (27648K), 5 survivors (5120K)
 Metaspace       used 40763K, committed 41856K, reserved 1114112K
  class space    used 5814K, committed 6336K, reserved 1048576K
}
Event: 21.284 GC heap after
{Heap after GC invocations=12 (full 0):
 garbage-first heap   total 84992K, used 54083K [0x0000000080000000, 0x0000000100000000)
  region size 1024K, 2 young (2048K), 2 survivors (2048K)
 Metaspace       used 40763K, committed 41856K, reserved 1114112K
  class space    used 5814K, committed 6336K, reserved 1048576K
}
Event: 21.922 GC heap before
{Heap before GC invocations=12 (full 0):
 garbage-first heap   total 84992K, used 75587K [0x0000000080000000, 0x0000000100000000)
  region size 1024K, 23 young (23552K), 2 survivors (2048K)
 Metaspace       used 43986K, committed 45184K, reserved 1114112K
  class space    used 6365K, committed 6976K, reserved 1048576K
}
Event: 21.926 GC heap after
{Heap after GC invocations=13 (full 0):
 garbage-first heap   total 84992K, used 55419K [0x0000000080000000, 0x0000000100000000)
  region size 1024K, 3 young (3072K), 3 survivors (3072K)
 Metaspace       used 43986K, committed 45184K, reserved 1114112K
  class space    used 6365K, committed 6976K, reserved 1048576K
}

